<!doctype html>
<html lang="">
<head>
    <meta charset="UTF-8">
    <meta name="viewport"
          content="width=device-width, user-scalable=no, initial-scale=1.0, maximum-scale=1.0, minimum-scale=1.0">
    <meta http-equiv="X-UA-Compatible" content="ie=edge">
    <title>Test Results Report - [HBS] Edit Delivered Mail(Process + Validation)</title>

    <link href="reportng.css" rel="stylesheet" type="text/css"/>
</head>
<body>
<div id="meta">
Generated by <a href="http://www.testng.org" target="_blank">TestNG</a> with <a href="https://github.com/testng-team/reportng" target="_blank">ReportNG</a>
at 13:45 ICT on Tuesday 19 April 2022
    <br/><span
    id="systemInfo">root@admin1-Vostro-3405&nbsp;/&nbsp;Java 17.0.2 (Oracle Corporation)&nbsp;/&nbsp;Linux 5.13.0-39-generic (amd64)</span>
</div>
<h1>[HBS] Edit Delivered Mail(Process + Validation)</h1>

<p>
    <a href="index.html">Suites</a>
        &#183; <a href="output.html">Log Output</a>
</p>

<p>Test duration
    : 2142.228s</p>


    <table class="resultsTable">
        <tr>
            <th colspan="3" class="header failed">Failed Tests</th>
        </tr>
            <tr>
                <td class="group" colspan="3">test.Mail.Edit_Delivered_Mail</td>
            </tr>
    <tr>
        <td class="method">
                TC_15_upload_maximum_capacity_1_file
        </td>
        <td class="duration">
            13.403s
        </td>
        <td class="result">
            <!-- Display the dependencies for skipped test methods -->


            <!-- Show logger output for the test -->

                <a href="javascript:toggleElement('exception-0', 'block')"
                   title="Click to expand/collapse">
                    <b>java.lang.AssertionError: The following asserts failed:<br/>
	[Failed] Can not upload file with capacity: 2MB.<br/>
 Actual message: 2MBを超えるメールを配信することはできません。<br/>
 Expect message: contains ファイルがアップロードされました expected [true] but found [false]</b>
                </a>
                <br/>
                <div class="stackTrace" id="exception-0">
                        org.testng.asserts.SoftAssert.assertAll(SoftAssert.java:46)<br/>
                        org.testng.asserts.SoftAssert.assertAll(SoftAssert.java:30)<br/>
                        page.Mail.Step2_Attachment.upload_maximum_capacity_1_file(Step2_Attachment.java:161)<br/>
                        test.Mail.Edit_Delivered_Mail.TC_15_upload_maximum_capacity_1_file(Edit_Delivered_Mail.java:234)<br/>
                        java.base/jdk.internal.reflect.NativeMethodAccessorImpl.invoke0(Native Method)<br/>
                        java.base/jdk.internal.reflect.NativeMethodAccessorImpl.invoke(NativeMethodAccessorImpl.java:77)<br/>
                        java.base/jdk.internal.reflect.DelegatingMethodAccessorImpl.invoke(DelegatingMethodAccessorImpl.java:43)<br/>
                        java.base/java.lang.reflect.Method.invoke(Method.java:568)<br/>
                        org.testng.internal.invokers.MethodInvocationHelper.invokeMethod(MethodInvocationHelper.java:135)<br/>
                        org.testng.internal.invokers.TestInvoker.invokeMethod(TestInvoker.java:673)<br/>
                        org.testng.internal.invokers.TestInvoker.invokeTestMethod(TestInvoker.java:220)<br/>
                        org.testng.internal.invokers.MethodRunner.runInSequence(MethodRunner.java:50)<br/>
                        org.testng.internal.invokers.TestInvoker$MethodInvocationAgent.invoke(TestInvoker.java:945)<br/>
                        org.testng.internal.invokers.TestInvoker.invokeTestMethods(TestInvoker.java:193)<br/>
                        org.testng.internal.invokers.TestMethodWorker.invokeTestMethods(TestMethodWorker.java:146)<br/>
                        org.testng.internal.invokers.TestMethodWorker.run(TestMethodWorker.java:128)<br/>
                        java.base/java.util.ArrayList.forEach(ArrayList.java:1511)<br/>
                        org.testng.TestRunner.privateRun(TestRunner.java:808)<br/>
                        org.testng.TestRunner.run(TestRunner.java:603)<br/>
                        org.testng.SuiteRunner.runTest(SuiteRunner.java:429)<br/>
                        org.testng.SuiteRunner.runSequentially(SuiteRunner.java:423)<br/>
                        org.testng.SuiteRunner.privateRun(SuiteRunner.java:383)<br/>
                        org.testng.SuiteRunner.run(SuiteRunner.java:326)<br/>
                        org.testng.SuiteRunnerWorker.runSuite(SuiteRunnerWorker.java:52)<br/>
                        org.testng.SuiteRunnerWorker.run(SuiteRunnerWorker.java:95)<br/>
                        org.testng.TestNG.runSuitesSequentially(TestNG.java:1249)<br/>
                        org.testng.TestNG.runSuitesSequentially(TestNG.java:1244)<br/>
                        org.testng.TestNG.runSuitesLocally(TestNG.java:1169)<br/>
                        org.testng.TestNG.runSuites(TestNG.java:1092)<br/>
                        org.testng.TestNG.run(TestNG.java:1060)<br/>
                        com.intellij.rt.testng.IDEARemoteTestNG.run(IDEARemoteTestNG.java:66)<br/>
                        com.intellij.rt.testng.RemoteTestNGStarter.main(RemoteTestNGStarter.java:109)<br/>
                </div>
        </td>
    </tr>
    <tr>
        <td class="method">
                TC_16_upload_maximum_capacity_multi_file
        </td>
        <td class="duration">
            20.357s
        </td>
        <td class="result">
            <!-- Display the dependencies for skipped test methods -->


            <!-- Show logger output for the test -->

                <a href="javascript:toggleElement('exception-1', 'block')"
                   title="Click to expand/collapse">
                    <b>java.lang.AssertionError: The following asserts failed:<br/>
	[Failed] Can not upload multi file with capacity = 2MB.<br/>
 Actual message: 2MBを超えるメールを配信することはできません。<br/>
 Expect message: contains ファイルがアップロードされました expected [true] but found [false]</b>
                </a>
                <br/>
                <div class="stackTrace" id="exception-1">
                        org.testng.asserts.SoftAssert.assertAll(SoftAssert.java:46)<br/>
                        org.testng.asserts.SoftAssert.assertAll(SoftAssert.java:30)<br/>
                        page.Mail.Step2_Attachment.upload_maximum_capacity_multi_file(Step2_Attachment.java:194)<br/>
                        test.Mail.Edit_Delivered_Mail.TC_16_upload_maximum_capacity_multi_file(Edit_Delivered_Mail.java:246)<br/>
                        java.base/jdk.internal.reflect.NativeMethodAccessorImpl.invoke0(Native Method)<br/>
                        java.base/jdk.internal.reflect.NativeMethodAccessorImpl.invoke(NativeMethodAccessorImpl.java:77)<br/>
                        java.base/jdk.internal.reflect.DelegatingMethodAccessorImpl.invoke(DelegatingMethodAccessorImpl.java:43)<br/>
                        java.base/java.lang.reflect.Method.invoke(Method.java:568)<br/>
                        org.testng.internal.invokers.MethodInvocationHelper.invokeMethod(MethodInvocationHelper.java:135)<br/>
                        org.testng.internal.invokers.TestInvoker.invokeMethod(TestInvoker.java:673)<br/>
                        org.testng.internal.invokers.TestInvoker.invokeTestMethod(TestInvoker.java:220)<br/>
                        org.testng.internal.invokers.MethodRunner.runInSequence(MethodRunner.java:50)<br/>
                        org.testng.internal.invokers.TestInvoker$MethodInvocationAgent.invoke(TestInvoker.java:945)<br/>
                        org.testng.internal.invokers.TestInvoker.invokeTestMethods(TestInvoker.java:193)<br/>
                        org.testng.internal.invokers.TestMethodWorker.invokeTestMethods(TestMethodWorker.java:146)<br/>
                        org.testng.internal.invokers.TestMethodWorker.run(TestMethodWorker.java:128)<br/>
                        java.base/java.util.ArrayList.forEach(ArrayList.java:1511)<br/>
                        org.testng.TestRunner.privateRun(TestRunner.java:808)<br/>
                        org.testng.TestRunner.run(TestRunner.java:603)<br/>
                        org.testng.SuiteRunner.runTest(SuiteRunner.java:429)<br/>
                        org.testng.SuiteRunner.runSequentially(SuiteRunner.java:423)<br/>
                        org.testng.SuiteRunner.privateRun(SuiteRunner.java:383)<br/>
                        org.testng.SuiteRunner.run(SuiteRunner.java:326)<br/>
                        org.testng.SuiteRunnerWorker.runSuite(SuiteRunnerWorker.java:52)<br/>
                        org.testng.SuiteRunnerWorker.run(SuiteRunnerWorker.java:95)<br/>
                        org.testng.TestNG.runSuitesSequentially(TestNG.java:1249)<br/>
                        org.testng.TestNG.runSuitesSequentially(TestNG.java:1244)<br/>
                        org.testng.TestNG.runSuitesLocally(TestNG.java:1169)<br/>
                        org.testng.TestNG.runSuites(TestNG.java:1092)<br/>
                        org.testng.TestNG.run(TestNG.java:1060)<br/>
                        com.intellij.rt.testng.IDEARemoteTestNG.run(IDEARemoteTestNG.java:66)<br/>
                        com.intellij.rt.testng.RemoteTestNGStarter.main(RemoteTestNGStarter.java:109)<br/>
                </div>
        </td>
    </tr>
    </table>


    <table class="resultsTable" width="100%">
        <tr>
            <th colspan="3" class="header passed">Passed Tests</th>
        </tr>
            <tr>
                <td class="group" colspan="3">test.Mail.Edit_Delivered_Mail</td>
            </tr>
    <tr>
        <td class="method">
                TC01_process_edit_mail
        </td>
        <td class="duration">
            42.922s
        </td>
        <td class="result">
            <!-- Display the dependencies for skipped test methods -->


            <!-- Show logger output for the test -->

        </td>
    </tr>
    <tr>
        <td class="method">
                TC_02_leave_all_blank_basic_information
        </td>
        <td class="duration">
            4.921s
        </td>
        <td class="result">
            <!-- Display the dependencies for skipped test methods -->


            <!-- Show logger output for the test -->

        </td>
    </tr>
    <tr>
        <td class="method">
                TC_03_subject_exceed_100_half_width_characters
        </td>
        <td class="duration">
            6.444s
        </td>
        <td class="result">
            <!-- Display the dependencies for skipped test methods -->


            <!-- Show logger output for the test -->

        </td>
    </tr>
    <tr>
        <td class="method">
                TC_04_subject_exceed_100_full_width_characters
        </td>
        <td class="duration">
            6.542s
        </td>
        <td class="result">
            <!-- Display the dependencies for skipped test methods -->


            <!-- Show logger output for the test -->

        </td>
    </tr>
    <tr>
        <td class="method">
                TC_05_subject_exceed_100_mix_half_and_full_width_characters
        </td>
        <td class="duration">
            6.535s
        </td>
        <td class="result">
            <!-- Display the dependencies for skipped test methods -->


            <!-- Show logger output for the test -->

        </td>
    </tr>
    <tr>
        <td class="method">
                TC_06_insertion_exceed_10000_half_width_characters
        </td>
        <td class="duration">
            281.191s
        </td>
        <td class="result">
            <!-- Display the dependencies for skipped test methods -->


            <!-- Show logger output for the test -->

        </td>
    </tr>
    <tr>
        <td class="method">
                TC_07_insertion_exceed_5000_full_width_characters
        </td>
        <td class="duration">
            161.271s
        </td>
        <td class="result">
            <!-- Display the dependencies for skipped test methods -->


            <!-- Show logger output for the test -->

        </td>
    </tr>
    <tr>
        <td class="method">
                TC_08_insertion_exceed_5000_mix_half_and_full_width_characters
        </td>
        <td class="duration">
            161.065s
        </td>
        <td class="result">
            <!-- Display the dependencies for skipped test methods -->


            <!-- Show logger output for the test -->

        </td>
    </tr>
    <tr>
        <td class="method">
                TC_09_update_delivery_with_valid_data_basic_information
        </td>
        <td class="duration">
            7.061s
        </td>
        <td class="result">
            <!-- Display the dependencies for skipped test methods -->


            <!-- Show logger output for the test -->

        </td>
    </tr>
    <tr>
        <td class="method">
                TC_10_make_a_copy_basic_information
        </td>
        <td class="duration">
            6.265s
        </td>
        <td class="result">
            <!-- Display the dependencies for skipped test methods -->


            <!-- Show logger output for the test -->

        </td>
    </tr>
    <tr>
        <td class="method">
                TC_11_would_you_like_to_change_this_delivery_email_to_Draft_status_Cancel_basic_information
        </td>
        <td class="duration">
            7.282s
        </td>
        <td class="result">
            <!-- Display the dependencies for skipped test methods -->


            <!-- Show logger output for the test -->

        </td>
    </tr>
    <tr>
        <td class="method">
                TC_12_would_you_like_to_change_this_delivery_email_to_Draft_status_OK_basic_information
        </td>
        <td class="duration">
            8.594s
        </td>
        <td class="result">
            <!-- Display the dependencies for skipped test methods -->


            <!-- Show logger output for the test -->

        </td>
    </tr>
    <tr>
        <td class="method">
                TC_13_do_you_want_to_delete_this_delivered_email_Cancel_basic_information
        </td>
        <td class="duration">
            5.241s
        </td>
        <td class="result">
            <!-- Display the dependencies for skipped test methods -->


            <!-- Show logger output for the test -->

        </td>
    </tr>
    <tr>
        <td class="method">
                TC_14_do_you_want_to_delete_this_delivered_email_OK_basic_information
        </td>
        <td class="duration">
            8.834s
        </td>
        <td class="result">
            <!-- Display the dependencies for skipped test methods -->


            <!-- Show logger output for the test -->

        </td>
    </tr>
    <tr>
        <td class="method">
                TC_17_upload_exceed_maximum_capacity_1_file
        </td>
        <td class="duration">
            16.853s
        </td>
        <td class="result">
            <!-- Display the dependencies for skipped test methods -->


            <!-- Show logger output for the test -->

        </td>
    </tr>
    <tr>
        <td class="method">
                TC_18_upload_exceed_maximum_capacity_multi_file
        </td>
        <td class="duration">
            20.900s
        </td>
        <td class="result">
            <!-- Display the dependencies for skipped test methods -->


            <!-- Show logger output for the test -->

        </td>
    </tr>
    <tr>
        <td class="method">
                TC_19_upload_exceed_10_files
        </td>
        <td class="duration">
            57.158s
        </td>
        <td class="result">
            <!-- Display the dependencies for skipped test methods -->


            <!-- Show logger output for the test -->

        </td>
    </tr>
    <tr>
        <td class="method">
                TC_20_update_delivery_with_valid_data_attachment
        </td>
        <td class="duration">
            12.285s
        </td>
        <td class="result">
            <!-- Display the dependencies for skipped test methods -->


            <!-- Show logger output for the test -->

        </td>
    </tr>
    <tr>
        <td class="method">
                TC_21_make_a_copy_attachment
        </td>
        <td class="duration">
            14.213s
        </td>
        <td class="result">
            <!-- Display the dependencies for skipped test methods -->


            <!-- Show logger output for the test -->

        </td>
    </tr>
    <tr>
        <td class="method">
                TC_22_would_you_like_to_change_this_delivery_email_to_Draft_status_Cancel_attachment
        </td>
        <td class="duration">
            12.731s
        </td>
        <td class="result">
            <!-- Display the dependencies for skipped test methods -->


            <!-- Show logger output for the test -->

        </td>
    </tr>
    <tr>
        <td class="method">
                TC_23_would_you_like_to_change_this_delivery_email_to_Draft_status_OK_attachment
        </td>
        <td class="duration">
            13.962s
        </td>
        <td class="result">
            <!-- Display the dependencies for skipped test methods -->


            <!-- Show logger output for the test -->

        </td>
    </tr>
    <tr>
        <td class="method">
                TC_24_do_you_want_to_delete_this_delivered_email_Cancel_attachment
        </td>
        <td class="duration">
            10.558s
        </td>
        <td class="result">
            <!-- Display the dependencies for skipped test methods -->


            <!-- Show logger output for the test -->

        </td>
    </tr>
    <tr>
        <td class="method">
                TC_25_do_you_want_to_delete_this_delivered_email_OK_attachment
        </td>
        <td class="duration">
            14.209s
        </td>
        <td class="result">
            <!-- Display the dependencies for skipped test methods -->


            <!-- Show logger output for the test -->

        </td>
    </tr>
    <tr>
        <td class="method">
                TC_26_deliver_the_matter_do_not_select_condition
        </td>
        <td class="duration">
            11.600s
        </td>
        <td class="result">
            <!-- Display the dependencies for skipped test methods -->


            <!-- Show logger output for the test -->

        </td>
    </tr>
    <tr>
        <td class="method">
                TC_27_deliver_the_matter_only_select_delivery_occupation_development
        </td>
        <td class="duration">
            11.832s
        </td>
        <td class="result">
            <!-- Display the dependencies for skipped test methods -->


            <!-- Show logger output for the test -->

        </td>
    </tr>
    <tr>
        <td class="method">
                TC_28_deliver_the_matter_only_select_delivery_occupation_infrastructure
        </td>
        <td class="duration">
            11.805s
        </td>
        <td class="result">
            <!-- Display the dependencies for skipped test methods -->


            <!-- Show logger output for the test -->

        </td>
    </tr>
    <tr>
        <td class="method">
                TC_29_deliver_the_matter_only_select_delivery_occupation_others
        </td>
        <td class="duration">
            11.718s
        </td>
        <td class="result">
            <!-- Display the dependencies for skipped test methods -->


            <!-- Show logger output for the test -->

        </td>
    </tr>
    <tr>
        <td class="method">
                TC_30_deliver_the_personnel_do_not_select_condition
        </td>
        <td class="duration">
            11.634s
        </td>
        <td class="result">
            <!-- Display the dependencies for skipped test methods -->


            <!-- Show logger output for the test -->

        </td>
    </tr>
    <tr>
        <td class="method">
                TC_31_deliver_the_personnel_only_select_delivery_occupation_development
        </td>
        <td class="duration">
            11.998s
        </td>
        <td class="result">
            <!-- Display the dependencies for skipped test methods -->


            <!-- Show logger output for the test -->

        </td>
    </tr>
    <tr>
        <td class="method">
                TC_32_deliver_the_personnel_only_select_delivery_occupation_infrastructure
        </td>
        <td class="duration">
            12.429s
        </td>
        <td class="result">
            <!-- Display the dependencies for skipped test methods -->


            <!-- Show logger output for the test -->

        </td>
    </tr>
    <tr>
        <td class="method">
                TC_33_deliver_the_personnel_only_select_delivery_occupation_others
        </td>
        <td class="duration">
            11.769s
        </td>
        <td class="result">
            <!-- Display the dependencies for skipped test methods -->


            <!-- Show logger output for the test -->

        </td>
    </tr>
    <tr>
        <td class="method">
                TC_34_deliver_the_personnel_select_delivery_occupation_development_infrastructure_and_others
        </td>
        <td class="duration">
            12.389s
        </td>
        <td class="result">
            <!-- Display the dependencies for skipped test methods -->


            <!-- Show logger output for the test -->

        </td>
    </tr>
    <tr>
        <td class="method">
                TC_35_do_not_select_account_status
        </td>
        <td class="duration">
            11.612s
        </td>
        <td class="result">
            <!-- Display the dependencies for skipped test methods -->


            <!-- Show logger output for the test -->

        </td>
    </tr>
    <tr>
        <td class="method">
                TC_36_do_not_select_in_house_person_in_charge
        </td>
        <td class="duration">
            11.601s
        </td>
        <td class="result">
            <!-- Display the dependencies for skipped test methods -->


            <!-- Show logger output for the test -->

        </td>
    </tr>
    <tr>
        <td class="method">
                TC_37_do_not_select_compatibility
        </td>
        <td class="duration">
            11.633s
        </td>
        <td class="result">
            <!-- Display the dependencies for skipped test methods -->


            <!-- Show logger output for the test -->

        </td>
    </tr>
    <tr>
        <td class="method">
                TC_38_do_not_select_tag
        </td>
        <td class="duration">
            11.670s
        </td>
        <td class="result">
            <!-- Display the dependencies for skipped test methods -->


            <!-- Show logger output for the test -->

        </td>
    </tr>
    <tr>
        <td class="method">
                TC_39_select_exceeds_5_tags
        </td>
        <td class="duration">
            12.258s
        </td>
        <td class="result">
            <!-- Display the dependencies for skipped test methods -->


            <!-- Show logger output for the test -->

        </td>
    </tr>
    <tr>
        <td class="method">
                TC_40_update_delivery_with_valid_data_destination_selection
        </td>
        <td class="duration">
            14.444s
        </td>
        <td class="result">
            <!-- Display the dependencies for skipped test methods -->


            <!-- Show logger output for the test -->

        </td>
    </tr>
    <tr>
        <td class="method">
                TC_41_make_a_copy_destination_selection
        </td>
        <td class="duration">
            16.541s
        </td>
        <td class="result">
            <!-- Display the dependencies for skipped test methods -->


            <!-- Show logger output for the test -->

        </td>
    </tr>
    <tr>
        <td class="method">
                TC_42_would_you_like_to_change_this_delivery_email_to_Draft_status_Cancel_destination_selection
        </td>
        <td class="duration">
            14.666s
        </td>
        <td class="result">
            <!-- Display the dependencies for skipped test methods -->


            <!-- Show logger output for the test -->

        </td>
    </tr>
    <tr>
        <td class="method">
                TC_43_would_you_like_to_change_this_delivery_email_to_Draft_status_OK_destination_selection
        </td>
        <td class="duration">
            16.000s
        </td>
        <td class="result">
            <!-- Display the dependencies for skipped test methods -->


            <!-- Show logger output for the test -->

        </td>
    </tr>
    <tr>
        <td class="method">
                TC_44_do_you_want_to_delete_this_delivered_email_Cancel_destination_selection
        </td>
        <td class="duration">
            12.643s
        </td>
        <td class="result">
            <!-- Display the dependencies for skipped test methods -->


            <!-- Show logger output for the test -->

        </td>
    </tr>
    <tr>
        <td class="method">
                TC_45_do_you_want_to_delete_this_delivered_email_OK_destination_selection
        </td>
        <td class="duration">
            16.397s
        </td>
        <td class="result">
            <!-- Display the dependencies for skipped test methods -->


            <!-- Show logger output for the test -->

        </td>
    </tr>
    <tr>
        <td class="method">
                TC_46_back_to_basic_information_from_destination_selection
        </td>
        <td class="duration">
            10.721s
        </td>
        <td class="result">
            <!-- Display the dependencies for skipped test methods -->


            <!-- Show logger output for the test -->

        </td>
    </tr>
    <tr>
        <td class="method">
                TC_47_back_to_attachment_from_destination_selection
        </td>
        <td class="duration">
            10.981s
        </td>
        <td class="result">
            <!-- Display the dependencies for skipped test methods -->


            <!-- Show logger output for the test -->

        </td>
    </tr>
    <tr>
        <td class="method">
                TC_48_leave_search_template_name_blank
        </td>
        <td class="duration">
            12.092s
        </td>
        <td class="result">
            <!-- Display the dependencies for skipped test methods -->


            <!-- Show logger output for the test -->

        </td>
    </tr>
    <tr>
        <td class="method">
                TC_49_search_template_name_exceed_50_half_width_characters
        </td>
        <td class="duration">
            13.594s
        </td>
        <td class="result">
            <!-- Display the dependencies for skipped test methods -->


            <!-- Show logger output for the test -->

        </td>
    </tr>
    <tr>
        <td class="method">
                TC_50_search_template_name_exceed_50_full_width_characters
        </td>
        <td class="duration">
            13.610s
        </td>
        <td class="result">
            <!-- Display the dependencies for skipped test methods -->


            <!-- Show logger output for the test -->

        </td>
    </tr>
    <tr>
        <td class="method">
                TC_51_search_template_name_exceed_mix_50_half_and_full_width_characters
        </td>
        <td class="duration">
            12.115s
        </td>
        <td class="result">
            <!-- Display the dependencies for skipped test methods -->


            <!-- Show logger output for the test -->

        </td>
    </tr>
    <tr>
        <td class="method">
                TC_52_create_search_template_name_OK
        </td>
        <td class="duration">
            12.338s
        </td>
        <td class="result">
            <!-- Display the dependencies for skipped test methods -->


            <!-- Show logger output for the test -->

        </td>
    </tr>
    <tr>
        <td class="method">
                TC_53_create_search_template_name_Cancel
        </td>
        <td class="duration">
            11.848s
        </td>
        <td class="result">
            <!-- Display the dependencies for skipped test methods -->


            <!-- Show logger output for the test -->

        </td>
    </tr>
    <tr>
        <td class="method">
                TC_54_input_available_search_template_name
        </td>
        <td class="duration">
            13.996s
        </td>
        <td class="result">
            <!-- Display the dependencies for skipped test methods -->


            <!-- Show logger output for the test -->

        </td>
    </tr>
    <tr>
        <td class="method">
                TC_55_set_cancel_search_template_as_default
        </td>
        <td class="duration">
            14.746s
        </td>
        <td class="result">
            <!-- Display the dependencies for skipped test methods -->


            <!-- Show logger output for the test -->

        </td>
    </tr>
    <tr>
        <td class="method">
                TC_56_delete_search_template_OK
        </td>
        <td class="duration">
            21.535s
        </td>
        <td class="result">
            <!-- Display the dependencies for skipped test methods -->


            <!-- Show logger output for the test -->

        </td>
    </tr>
    <tr>
        <td class="method">
                TC_57_delete_search_template_Cancel
        </td>
        <td class="duration">
            13.655s
        </td>
        <td class="result">
            <!-- Display the dependencies for skipped test methods -->


            <!-- Show logger output for the test -->

        </td>
    </tr>
    <tr>
        <td class="method">
                TC_58_reset_search_criteria
        </td>
        <td class="duration">
            10.944s
        </td>
        <td class="result">
            <!-- Display the dependencies for skipped test methods -->


            <!-- Show logger output for the test -->

        </td>
    </tr>
    <tr>
        <td class="method">
                TC_59_link_to_partner_PIC_edit_from_destination_selection
        </td>
        <td class="duration">
            14.693s
        </td>
        <td class="result">
            <!-- Display the dependencies for skipped test methods -->


            <!-- Show logger output for the test -->

        </td>
    </tr>
    <tr>
        <td class="method">
                TC_60_pagination_destination_selection
        </td>
        <td class="duration">
            14.677s
        </td>
        <td class="result">
            <!-- Display the dependencies for skipped test methods -->


            <!-- Show logger output for the test -->

        </td>
    </tr>
    <tr>
        <td class="method">
                TC_61_update_delivery_with_valid_data_final_confirmation
        </td>
        <td class="duration">
            24.965s
        </td>
        <td class="result">
            <!-- Display the dependencies for skipped test methods -->


            <!-- Show logger output for the test -->

        </td>
    </tr>
    <tr>
        <td class="method">
                TC_62_make_a_copy_final_confirmation
        </td>
        <td class="duration">
            26.947s
        </td>
        <td class="result">
            <!-- Display the dependencies for skipped test methods -->


            <!-- Show logger output for the test -->

        </td>
    </tr>
    <tr>
        <td class="method">
                TC_63_would_you_like_to_change_this_delivery_email_to_Draft_status_Cancel_final_confirmation
        </td>
        <td class="duration">
            25.013s
        </td>
        <td class="result">
            <!-- Display the dependencies for skipped test methods -->


            <!-- Show logger output for the test -->

        </td>
    </tr>
    <tr>
        <td class="method">
                TC_64_would_you_like_to_change_this_delivery_email_to_Draft_status_OK_final_confirmation
        </td>
        <td class="duration">
            26.496s
        </td>
        <td class="result">
            <!-- Display the dependencies for skipped test methods -->


            <!-- Show logger output for the test -->

        </td>
    </tr>
    <tr>
        <td class="method">
                TC_65_do_you_want_to_delete_this_delivered_email_Cancel_final_confirmation
        </td>
        <td class="duration">
            23.127s
        </td>
        <td class="result">
            <!-- Display the dependencies for skipped test methods -->


            <!-- Show logger output for the test -->

        </td>
    </tr>
    <tr>
        <td class="method">
                TC_66_do_you_want_to_delete_this_delivered_email_OK_final_confirmation
        </td>
        <td class="duration">
            26.934s
        </td>
        <td class="result">
            <!-- Display the dependencies for skipped test methods -->


            <!-- Show logger output for the test -->

        </td>
    </tr>
    <tr>
        <td class="method">
                TC_67_back_to_destination_selection_from_final_confirmation
        </td>
        <td class="duration">
            22.952s
        </td>
        <td class="result">
            <!-- Display the dependencies for skipped test methods -->


            <!-- Show logger output for the test -->

        </td>
    </tr>
    <tr>
        <td class="method">
                TC_68_back_to_attachment_from_final_confirmation
        </td>
        <td class="duration">
            21.598s
        </td>
        <td class="result">
            <!-- Display the dependencies for skipped test methods -->


            <!-- Show logger output for the test -->

        </td>
    </tr>
    <tr>
        <td class="method">
                TC_69_back_to_basic_information_from_final_confirmation
        </td>
        <td class="duration">
            21.646s
        </td>
        <td class="result">
            <!-- Display the dependencies for skipped test methods -->


            <!-- Show logger output for the test -->

        </td>
    </tr>
    </table>

<script type="text/javascript" src="reportng.js"></script>
</body>
