<!doctype html>
<html lang="">
<head>
    <meta charset="UTF-8">
    <meta name="viewport"
          content="width=device-width, user-scalable=no, initial-scale=1.0, maximum-scale=1.0, minimum-scale=1.0">
    <meta http-equiv="X-UA-Compatible" content="ie=edge">
    <title>Test Results Report - [HBS] Create Delivered Mail(Process + Validation)</title>

    <link href="reportng.css" rel="stylesheet" type="text/css"/>
</head>
<body>
<div id="meta">
Generated by <a href="http://www.testng.org" target="_blank">TestNG</a> with <a href="https://github.com/testng-team/reportng" target="_blank">ReportNG</a>
at 09:15 ICT on Wednesday 27 April 2022
    <br/><span
    id="systemInfo">root@admin1-Vostro-3405&nbsp;/&nbsp;Java 17.0.2 (Oracle Corporation)&nbsp;/&nbsp;Linux 5.13.0-40-generic (amd64)</span>
</div>
<h1>[HBS] Create Delivered Mail(Process + Validation)</h1>

<p>
    <a href="index.html">Suites</a>
        &#183; <a href="output.html">Log Output</a>
</p>

<p>Test duration
    : 2142.755s</p>


    <table class="resultsTable">
        <tr>
            <th colspan="3" class="header failed">Failed Tests</th>
        </tr>
            <tr>
                <td class="group" colspan="3">test.mail.CreateDeliveredEmail</td>
            </tr>
    <tr>
        <td class="method">
                TC15_atAttachmentStepVerifyThatCanUploadOneFileWithMaximumCapacity
        </td>
        <td class="duration">
            11.361s
        </td>
        <td class="result">
            <!-- Display the dependencies for skipped test methods -->


            <!-- Show logger output for the test -->

                <a href="javascript:toggleElement('exception-0', 'block')"
                   title="Click to expand/collapse">
                    <b>java.lang.AssertionError: The following asserts failed:<br/>
	[Failed] Can not upload file with capacity: 2MB.<br/>
 Actual message: 2MBを超えるメールを配信することはできません。<br/>
 Expect message: contains ファイルがアップロードされました expected [true] but found [false]</b>
                </a>
                <br/>
                <div class="stackTrace" id="exception-0">
                        org.testng.asserts.SoftAssert.assertAll(SoftAssert.java:46)<br/>
                        org.testng.asserts.SoftAssert.assertAll(SoftAssert.java:30)<br/>
                        page.mail.Step2Attachment.verifyThatCanUploadOneFileWithMaximumCapacity(Step2Attachment.java:161)<br/>
                        test.mail.CreateDeliveredEmail.TC15_atAttachmentStepVerifyThatCanUploadOneFileWithMaximumCapacity(CreateDeliveredEmail.java:299)<br/>
                        java.base/jdk.internal.reflect.NativeMethodAccessorImpl.invoke0(Native Method)<br/>
                        java.base/jdk.internal.reflect.NativeMethodAccessorImpl.invoke(NativeMethodAccessorImpl.java:77)<br/>
                        java.base/jdk.internal.reflect.DelegatingMethodAccessorImpl.invoke(DelegatingMethodAccessorImpl.java:43)<br/>
                        java.base/java.lang.reflect.Method.invoke(Method.java:568)<br/>
                        org.testng.internal.invokers.MethodInvocationHelper.invokeMethod(MethodInvocationHelper.java:135)<br/>
                        org.testng.internal.invokers.TestInvoker.invokeMethod(TestInvoker.java:673)<br/>
                        org.testng.internal.invokers.TestInvoker.invokeTestMethod(TestInvoker.java:220)<br/>
                        org.testng.internal.invokers.MethodRunner.runInSequence(MethodRunner.java:50)<br/>
                        org.testng.internal.invokers.TestInvoker$MethodInvocationAgent.invoke(TestInvoker.java:945)<br/>
                        org.testng.internal.invokers.TestInvoker.invokeTestMethods(TestInvoker.java:193)<br/>
                        org.testng.internal.invokers.TestMethodWorker.invokeTestMethods(TestMethodWorker.java:146)<br/>
                        org.testng.internal.invokers.TestMethodWorker.run(TestMethodWorker.java:128)<br/>
                        java.base/java.util.ArrayList.forEach(ArrayList.java:1511)<br/>
                        org.testng.TestRunner.privateRun(TestRunner.java:808)<br/>
                        org.testng.TestRunner.run(TestRunner.java:603)<br/>
                        org.testng.SuiteRunner.runTest(SuiteRunner.java:429)<br/>
                        org.testng.SuiteRunner.runSequentially(SuiteRunner.java:423)<br/>
                        org.testng.SuiteRunner.privateRun(SuiteRunner.java:383)<br/>
                        org.testng.SuiteRunner.run(SuiteRunner.java:326)<br/>
                        org.testng.SuiteRunnerWorker.runSuite(SuiteRunnerWorker.java:52)<br/>
                        org.testng.SuiteRunnerWorker.run(SuiteRunnerWorker.java:95)<br/>
                        org.testng.TestNG.runSuitesSequentially(TestNG.java:1249)<br/>
                        org.testng.TestNG.runSuitesSequentially(TestNG.java:1244)<br/>
                        org.testng.TestNG.runSuitesLocally(TestNG.java:1169)<br/>
                        org.testng.TestNG.runSuites(TestNG.java:1092)<br/>
                        org.testng.TestNG.run(TestNG.java:1060)<br/>
                        com.intellij.rt.testng.IDEARemoteTestNG.run(IDEARemoteTestNG.java:66)<br/>
                        com.intellij.rt.testng.RemoteTestNGStarter.main(RemoteTestNGStarter.java:109)<br/>
                </div>
        </td>
    </tr>
    <tr>
        <td class="method">
                TC16_atAttachmentStepVerifyThatCanUploadMultipleFileWithMaximumCapacity
        </td>
        <td class="duration">
            23.028s
        </td>
        <td class="result">
            <!-- Display the dependencies for skipped test methods -->


            <!-- Show logger output for the test -->

                <a href="javascript:toggleElement('exception-1', 'block')"
                   title="Click to expand/collapse">
                    <b>java.lang.AssertionError: The following asserts failed:<br/>
	[Failed] Can not upload multi file with capacity = 2MB.<br/>
 Actual message: 2MBを超えるメールを配信することはできません。<br/>
 Expect message: contains ファイルがアップロードされました expected [true] but found [false]</b>
                </a>
                <br/>
                <div class="stackTrace" id="exception-1">
                        org.testng.asserts.SoftAssert.assertAll(SoftAssert.java:46)<br/>
                        org.testng.asserts.SoftAssert.assertAll(SoftAssert.java:30)<br/>
                        page.mail.Step2Attachment.verifyThatCanUploadMultipleFileWithMaximumCapacity(Step2Attachment.java:194)<br/>
                        test.mail.CreateDeliveredEmail.TC16_atAttachmentStepVerifyThatCanUploadMultipleFileWithMaximumCapacity(CreateDeliveredEmail.java:317)<br/>
                        java.base/jdk.internal.reflect.NativeMethodAccessorImpl.invoke0(Native Method)<br/>
                        java.base/jdk.internal.reflect.NativeMethodAccessorImpl.invoke(NativeMethodAccessorImpl.java:77)<br/>
                        java.base/jdk.internal.reflect.DelegatingMethodAccessorImpl.invoke(DelegatingMethodAccessorImpl.java:43)<br/>
                        java.base/java.lang.reflect.Method.invoke(Method.java:568)<br/>
                        org.testng.internal.invokers.MethodInvocationHelper.invokeMethod(MethodInvocationHelper.java:135)<br/>
                        org.testng.internal.invokers.TestInvoker.invokeMethod(TestInvoker.java:673)<br/>
                        org.testng.internal.invokers.TestInvoker.invokeTestMethod(TestInvoker.java:220)<br/>
                        org.testng.internal.invokers.MethodRunner.runInSequence(MethodRunner.java:50)<br/>
                        org.testng.internal.invokers.TestInvoker$MethodInvocationAgent.invoke(TestInvoker.java:945)<br/>
                        org.testng.internal.invokers.TestInvoker.invokeTestMethods(TestInvoker.java:193)<br/>
                        org.testng.internal.invokers.TestMethodWorker.invokeTestMethods(TestMethodWorker.java:146)<br/>
                        org.testng.internal.invokers.TestMethodWorker.run(TestMethodWorker.java:128)<br/>
                        java.base/java.util.ArrayList.forEach(ArrayList.java:1511)<br/>
                        org.testng.TestRunner.privateRun(TestRunner.java:808)<br/>
                        org.testng.TestRunner.run(TestRunner.java:603)<br/>
                        org.testng.SuiteRunner.runTest(SuiteRunner.java:429)<br/>
                        org.testng.SuiteRunner.runSequentially(SuiteRunner.java:423)<br/>
                        org.testng.SuiteRunner.privateRun(SuiteRunner.java:383)<br/>
                        org.testng.SuiteRunner.run(SuiteRunner.java:326)<br/>
                        org.testng.SuiteRunnerWorker.runSuite(SuiteRunnerWorker.java:52)<br/>
                        org.testng.SuiteRunnerWorker.run(SuiteRunnerWorker.java:95)<br/>
                        org.testng.TestNG.runSuitesSequentially(TestNG.java:1249)<br/>
                        org.testng.TestNG.runSuitesSequentially(TestNG.java:1244)<br/>
                        org.testng.TestNG.runSuitesLocally(TestNG.java:1169)<br/>
                        org.testng.TestNG.runSuites(TestNG.java:1092)<br/>
                        org.testng.TestNG.run(TestNG.java:1060)<br/>
                        com.intellij.rt.testng.IDEARemoteTestNG.run(IDEARemoteTestNG.java:66)<br/>
                        com.intellij.rt.testng.RemoteTestNGStarter.main(RemoteTestNGStarter.java:109)<br/>
                </div>
        </td>
    </tr>
    </table>


    <table class="resultsTable" width="100%">
        <tr>
            <th colspan="3" class="header passed">Passed Tests</th>
        </tr>
            <tr>
                <td class="group" colspan="3">test.mail.CreateDeliveredEmail</td>
            </tr>
    <tr>
        <td class="method">
                TC01_verifyFullCreateDeliveredEmailProcess
        </td>
        <td class="duration">
            39.412s
        </td>
        <td class="result">
            <!-- Display the dependencies for skipped test methods -->


            <!-- Show logger output for the test -->

        </td>
    </tr>
    <tr>
        <td class="method">
                TC02_atBasicInformationStepGiveAllInformationBlankAndVerifyErrorMessage
        </td>
        <td class="duration">
            5.351s
        </td>
        <td class="result">
            <!-- Display the dependencies for skipped test methods -->


            <!-- Show logger output for the test -->

        </td>
    </tr>
    <tr>
        <td class="method">
                TC03_atBasicInformationStepGiveSubjectExceed100HalfWidthCharactersAndVerifyErrorMessage
        </td>
        <td class="duration">
            5.876s
        </td>
        <td class="result">
            <!-- Display the dependencies for skipped test methods -->


            <!-- Show logger output for the test -->

        </td>
    </tr>
    <tr>
        <td class="method">
                TC04_atBasicInformationStepGiveSubjectExceed100FullWidthCharactersAndVerifyErrorMessage
        </td>
        <td class="duration">
            5.838s
        </td>
        <td class="result">
            <!-- Display the dependencies for skipped test methods -->


            <!-- Show logger output for the test -->

        </td>
    </tr>
    <tr>
        <td class="method">
                TC05_atBasicInformationStepGiveSubjectExceed100CharactersMixHalfFullWidthAndVerifyErrorMessage
        </td>
        <td class="duration">
            5.902s
        </td>
        <td class="result">
            <!-- Display the dependencies for skipped test methods -->


            <!-- Show logger output for the test -->

        </td>
    </tr>
    <tr>
        <td class="method">
                TC06_atBasicInformationStepGiveInsertionExceed10000HalfWidthCharactersAndVerifyErrorMessage
        </td>
        <td class="duration">
            218.767s
        </td>
        <td class="result">
            <!-- Display the dependencies for skipped test methods -->


            <!-- Show logger output for the test -->

        </td>
    </tr>
    <tr>
        <td class="method">
                TC07_atBasicInformationStepGiveInsertionExceed5000FullWidthCharactersAndVerifyErrorMessage
        </td>
        <td class="duration">
            115.024s
        </td>
        <td class="result">
            <!-- Display the dependencies for skipped test methods -->


            <!-- Show logger output for the test -->

        </td>
    </tr>
    <tr>
        <td class="method">
                TC08_atBasicInformationStepGiveInsertionExceed5000CharactersMixHalfFullWidthAndVerifyErrorMessage
        </td>
        <td class="duration">
            116.281s
        </td>
        <td class="result">
            <!-- Display the dependencies for skipped test methods -->


            <!-- Show logger output for the test -->

        </td>
    </tr>
    <tr>
        <td class="method">
                TC09_atBasicInformationStepVerifyDeleteButtonShouldBeEnable
        </td>
        <td class="duration">
            0.025s
        </td>
        <td class="result">
            <!-- Display the dependencies for skipped test methods -->


            <!-- Show logger output for the test -->

        </td>
    </tr>
    <tr>
        <td class="method">
                TC10_atBasicInformationStepVerifyThatCanMakeDeliveredEmailCopy
        </td>
        <td class="duration">
            17.597s
        </td>
        <td class="result">
            <!-- Display the dependencies for skipped test methods -->


            <!-- Show logger output for the test -->

        </td>
    </tr>
    <tr>
        <td class="method">
                TC11_atBasicInformationStepVerifyThatChangeDeliveredEmailStatusPopupShouldBeClosedAfterClickingCancelButton
        </td>
        <td class="duration">
            12.363s
        </td>
        <td class="result">
            <!-- Display the dependencies for skipped test methods -->


            <!-- Show logger output for the test -->

        </td>
    </tr>
    <tr>
        <td class="method">
                TC12_atBasicInformationStepVerifyThatCanChangeDeliveredEmailStatusToDraft
        </td>
        <td class="duration">
            16.240s
        </td>
        <td class="result">
            <!-- Display the dependencies for skipped test methods -->


            <!-- Show logger output for the test -->

        </td>
    </tr>
    <tr>
        <td class="method">
                TC13_atBasicInformationStepVerifyThatDeliveredEmailPopupShouldBeClosedAfterClickCancelButton
        </td>
        <td class="duration">
            16.220s
        </td>
        <td class="result">
            <!-- Display the dependencies for skipped test methods -->


            <!-- Show logger output for the test -->

        </td>
    </tr>
    <tr>
        <td class="method">
                TC14_atBasicInformationStepVerifyThatDeliveredEmailShouldBeDeletedAfterClickingOKButton
        </td>
        <td class="duration">
            16.234s
        </td>
        <td class="result">
            <!-- Display the dependencies for skipped test methods -->


            <!-- Show logger output for the test -->

        </td>
    </tr>
    <tr>
        <td class="method">
                TC17_atAttachmentStepVerifyErrorMessageWhenUploadOneFileWithTotalCapacityExceedAllowedCapacity
        </td>
        <td class="duration">
            12.480s
        </td>
        <td class="result">
            <!-- Display the dependencies for skipped test methods -->


            <!-- Show logger output for the test -->

        </td>
    </tr>
    <tr>
        <td class="method">
                TC18_atAttachmentStepVerifyErrorMessageWhenUploadMultipleFileWithTotalCapacityExceedAllowedCapacity
        </td>
        <td class="duration">
            23.666s
        </td>
        <td class="result">
            <!-- Display the dependencies for skipped test methods -->


            <!-- Show logger output for the test -->

        </td>
    </tr>
    <tr>
        <td class="method">
                TC19_atAttachmentStepVerifyErrorMessageWhenTotalFileHaveBeenUploadedExceed10Files
        </td>
        <td class="duration">
            55.792s
        </td>
        <td class="result">
            <!-- Display the dependencies for skipped test methods -->


            <!-- Show logger output for the test -->

        </td>
    </tr>
    <tr>
        <td class="method">
                TC20_atAttachmentStepVerifyThatCanMakeDeliveredEmailCopy
        </td>
        <td class="duration">
            16.176s
        </td>
        <td class="result">
            <!-- Display the dependencies for skipped test methods -->


            <!-- Show logger output for the test -->

        </td>
    </tr>
    <tr>
        <td class="method">
                TC21_atAttachmentStepVerifyThatChangeDeliveredEmailStatusPopupShouldBeClosedAfterClickingCancelButton
        </td>
        <td class="duration">
            11.353s
        </td>
        <td class="result">
            <!-- Display the dependencies for skipped test methods -->


            <!-- Show logger output for the test -->

        </td>
    </tr>
    <tr>
        <td class="method">
                TC22_atAttachmentStepVerifyThatCanChangeDeliveredEmailStatusToDraft
        </td>
        <td class="duration">
            14.678s
        </td>
        <td class="result">
            <!-- Display the dependencies for skipped test methods -->


            <!-- Show logger output for the test -->

        </td>
    </tr>
    <tr>
        <td class="method">
                TC23_atAttachmentStepVerifyThatDeleteThisDeliveredEmailPopupShouldBeClosedAfterClickCancelButton
        </td>
        <td class="duration">
            15.002s
        </td>
        <td class="result">
            <!-- Display the dependencies for skipped test methods -->


            <!-- Show logger output for the test -->

        </td>
    </tr>
    <tr>
        <td class="method">
                TC24_atAttachmentStepVerifyThatDeliveredEmailShouldBeDeletedAfterClickingOKButton
        </td>
        <td class="duration">
            13.409s
        </td>
        <td class="result">
            <!-- Display the dependencies for skipped test methods -->


            <!-- Show logger output for the test -->

        </td>
    </tr>
    <tr>
        <td class="method">
                TC25_atDestinationSearchStepVerifyErrorMessageWhenOnlySelectDeliverTheMatter
        </td>
        <td class="duration">
            17.755s
        </td>
        <td class="result">
            <!-- Display the dependencies for skipped test methods -->


            <!-- Show logger output for the test -->

        </td>
    </tr>
    <tr>
        <td class="method">
                TC26_atDestinationSearchStepVerifyErrorMessageWhenOnlySelectDeliverTheMatterAndDevelopment
        </td>
        <td class="duration">
            16.466s
        </td>
        <td class="result">
            <!-- Display the dependencies for skipped test methods -->


            <!-- Show logger output for the test -->

        </td>
    </tr>
    <tr>
        <td class="method">
                TC27_atDestinationSearchStepVerifyErrorMessageWhenOnlySelectDeliverTheMatterAndInfrastructure
        </td>
        <td class="duration">
            16.763s
        </td>
        <td class="result">
            <!-- Display the dependencies for skipped test methods -->


            <!-- Show logger output for the test -->

        </td>
    </tr>
    <tr>
        <td class="method">
                TC28_atDestinationSearchStepVerifyErrorMessageWhenOnlySelectDeliverTheMatterAndOthers
        </td>
        <td class="duration">
            17.921s
        </td>
        <td class="result">
            <!-- Display the dependencies for skipped test methods -->


            <!-- Show logger output for the test -->

        </td>
    </tr>
    <tr>
        <td class="method">
                TC29_atDestinationSearchStepVerifyErrorMessageWhenOnlySelectDeliverThePersonnel
        </td>
        <td class="duration">
            16.737s
        </td>
        <td class="result">
            <!-- Display the dependencies for skipped test methods -->


            <!-- Show logger output for the test -->

        </td>
    </tr>
    <tr>
        <td class="method">
                TC30_atDestinationSearchStepVerifyErrorMessageWhenOnlySelectDeliverThePersonnelAndDevelopment
        </td>
        <td class="duration">
            17.169s
        </td>
        <td class="result">
            <!-- Display the dependencies for skipped test methods -->


            <!-- Show logger output for the test -->

        </td>
    </tr>
    <tr>
        <td class="method">
                TC31_atDestinationSearchStepVerifyErrorMessageWhenOnlySelectDeliverThePersonnelAndInfrastructure
        </td>
        <td class="duration">
            16.591s
        </td>
        <td class="result">
            <!-- Display the dependencies for skipped test methods -->


            <!-- Show logger output for the test -->

        </td>
    </tr>
    <tr>
        <td class="method">
                TC32_atDestinationSearchStepVerifyErrorMessageWhenOnlySelectDeliverThePersonnelAndOthers
        </td>
        <td class="duration">
            16.621s
        </td>
        <td class="result">
            <!-- Display the dependencies for skipped test methods -->


            <!-- Show logger output for the test -->

        </td>
    </tr>
    <tr>
        <td class="method">
                TC33_atDestinationSearchStepVerifyErrorMessageWhenOnlySelectDeliverThePersonnelAndDevelopmentAndInfrastructureAndOthers
        </td>
        <td class="duration">
            15.855s
        </td>
        <td class="result">
            <!-- Display the dependencies for skipped test methods -->


            <!-- Show logger output for the test -->

        </td>
    </tr>
    <tr>
        <td class="method">
                TC34_atDestinationSearchStepVerifyErrorMessageWhenDoNotSelectAccountStatus
        </td>
        <td class="duration">
            16.798s
        </td>
        <td class="result">
            <!-- Display the dependencies for skipped test methods -->


            <!-- Show logger output for the test -->

        </td>
    </tr>
    <tr>
        <td class="method">
                TC35_atDestinationSearchStepVerifyErrorMessageWhenDoNotSelectInHousePersonInCharge
        </td>
        <td class="duration">
            15.320s
        </td>
        <td class="result">
            <!-- Display the dependencies for skipped test methods -->


            <!-- Show logger output for the test -->

        </td>
    </tr>
    <tr>
        <td class="method">
                TC36_atDestinationSearchStepVerifyErrorMessageWhenDoNotSelectCompatibility
        </td>
        <td class="duration">
            17.710s
        </td>
        <td class="result">
            <!-- Display the dependencies for skipped test methods -->


            <!-- Show logger output for the test -->

        </td>
    </tr>
    <tr>
        <td class="method">
                TC37_atDestinationSearchStepVerifyErrorMessageWhenDoNotSelectTag
        </td>
        <td class="duration">
            16.950s
        </td>
        <td class="result">
            <!-- Display the dependencies for skipped test methods -->


            <!-- Show logger output for the test -->

        </td>
    </tr>
    <tr>
        <td class="method">
                TC38_atDestinationSearchStepVerifyErrorMessageWhenSelectExceed5Tags
        </td>
        <td class="duration">
            16.330s
        </td>
        <td class="result">
            <!-- Display the dependencies for skipped test methods -->


            <!-- Show logger output for the test -->

        </td>
    </tr>
    <tr>
        <td class="method">
                TC39_atDestinationSearchStepVerifyThatCanMakeDeliveredEmailCopy
        </td>
        <td class="duration">
            21.765s
        </td>
        <td class="result">
            <!-- Display the dependencies for skipped test methods -->


            <!-- Show logger output for the test -->

        </td>
    </tr>
    <tr>
        <td class="method">
                TC40_atDestinationSearchStepVerifyThatChangeDeliveredEmailStatusPopupShouldBeClosedAfterClickingCancelButton
        </td>
        <td class="duration">
            17.400s
        </td>
        <td class="result">
            <!-- Display the dependencies for skipped test methods -->


            <!-- Show logger output for the test -->

        </td>
    </tr>
    <tr>
        <td class="method">
                TC41_atDestinationSearchStepVerifyThatCanChangeDeliveredEmailStatusToDraft
        </td>
        <td class="duration">
            18.955s
        </td>
        <td class="result">
            <!-- Display the dependencies for skipped test methods -->


            <!-- Show logger output for the test -->

        </td>
    </tr>
    <tr>
        <td class="method">
                TC42_atDestinationSearchStepVerifyThatDeleteThisDeliveredEmailPopupShouldBeClosedAfterClickCancelButton
        </td>
        <td class="duration">
            19.606s
        </td>
        <td class="result">
            <!-- Display the dependencies for skipped test methods -->


            <!-- Show logger output for the test -->

        </td>
    </tr>
    <tr>
        <td class="method">
                TC43_atDestinationSearchStepVerifyThatDeliveredEmailShouldBeDeletedAfterClickingOKButton
        </td>
        <td class="duration">
            19.328s
        </td>
        <td class="result">
            <!-- Display the dependencies for skipped test methods -->


            <!-- Show logger output for the test -->

        </td>
    </tr>
    <tr>
        <td class="method">
                TC44_atDestinationSearchStepVerifyThatCanBackToBasicInformationStepFromDestinationSearchStep
        </td>
        <td class="duration">
            16.537s
        </td>
        <td class="result">
            <!-- Display the dependencies for skipped test methods -->


            <!-- Show logger output for the test -->

        </td>
    </tr>
    <tr>
        <td class="method">
                TC45_atDestinationSearchStepVerifyThatCanBackToAttachmentStepFromDestinationSearchStep
        </td>
        <td class="duration">
            16.324s
        </td>
        <td class="result">
            <!-- Display the dependencies for skipped test methods -->


            <!-- Show logger output for the test -->

        </td>
    </tr>
    <tr>
        <td class="method">
                TC46_atDestinationSearchStepVerifyErrorMessageWhenLeaveSearchTemplateNameBlank
        </td>
        <td class="duration">
            17.214s
        </td>
        <td class="result">
            <!-- Display the dependencies for skipped test methods -->


            <!-- Show logger output for the test -->

        </td>
    </tr>
    <tr>
        <td class="method">
                TC47_atDestinationSearchStepVerifyErrorMessageWhenSearchConditionsTemplateNameExceed50HalfWidthCharacters
        </td>
        <td class="duration">
            19.450s
        </td>
        <td class="result">
            <!-- Display the dependencies for skipped test methods -->


            <!-- Show logger output for the test -->

        </td>
    </tr>
    <tr>
        <td class="method">
                TC48_atDestinationSearchStepVerifyErrorMessageWhenSearchConditionsTemplateNameExceed50FullWidthCharacters
        </td>
        <td class="duration">
            19.482s
        </td>
        <td class="result">
            <!-- Display the dependencies for skipped test methods -->


            <!-- Show logger output for the test -->

        </td>
    </tr>
    <tr>
        <td class="method">
                TC49_atDestinationSearchStepVerifyErrorMessageSearchConditionsTemplateNameExceed50CharactersMixHalfAndFullWidth
        </td>
        <td class="duration">
            17.850s
        </td>
        <td class="result">
            <!-- Display the dependencies for skipped test methods -->


            <!-- Show logger output for the test -->

        </td>
    </tr>
    <tr>
        <td class="method">
                TC50_atDestinationSearchStepVerifyThatCanCreateSearchConditionsTemplateNameWithValidTemplateName
        </td>
        <td class="duration">
            17.797s
        </td>
        <td class="result">
            <!-- Display the dependencies for skipped test methods -->


            <!-- Show logger output for the test -->

        </td>
    </tr>
    <tr>
        <td class="method">
                TC51_atDestinationSearchStepVerifyThatCreateSearchConditionsTemplatePopupShouldBeCloseAfterClickingOnCancelButton
        </td>
        <td class="duration">
            21.393s
        </td>
        <td class="result">
            <!-- Display the dependencies for skipped test methods -->


            <!-- Show logger output for the test -->

        </td>
    </tr>
    <tr>
        <td class="method">
                TC52_atDestinationSearchStepVerifyErrorMessageWhenInputAvailableSearchConditionsTemplateName
        </td>
        <td class="duration">
            27.495s
        </td>
        <td class="result">
            <!-- Display the dependencies for skipped test methods -->


            <!-- Show logger output for the test -->

        </td>
    </tr>
    <tr>
        <td class="method">
                TC53_atDestinationSearchStepVerifyCanSetAndCancelSearchConditionsTemplateAsDefault
        </td>
        <td class="duration">
            27.400s
        </td>
        <td class="result">
            <!-- Display the dependencies for skipped test methods -->


            <!-- Show logger output for the test -->

        </td>
    </tr>
    <tr>
        <td class="method">
                TC54_atDestinationSearchStepVerifyThatCanDeleteSearchConditionsTemplate
        </td>
        <td class="duration">
            27.360s
        </td>
        <td class="result">
            <!-- Display the dependencies for skipped test methods -->


            <!-- Show logger output for the test -->

        </td>
    </tr>
    <tr>
        <td class="method">
                TC55_atDestinationSearchStepVerifyThatDeleteSearchConditionsTemplateShouldBeClosedAfterClickingOnCancelButton
        </td>
        <td class="duration">
            20.087s
        </td>
        <td class="result">
            <!-- Display the dependencies for skipped test methods -->


            <!-- Show logger output for the test -->

        </td>
    </tr>
    <tr>
        <td class="method">
                TC56_atDestinationSearchStepVerifyThatCanResetSearchConditions
        </td>
        <td class="duration">
            16.357s
        </td>
        <td class="result">
            <!-- Display the dependencies for skipped test methods -->


            <!-- Show logger output for the test -->

        </td>
    </tr>
    <tr>
        <td class="method">
                TC57_atDestinationSearchStepVerifyThatCanNextToDestinationSelectionStepFromAttachmentStep
        </td>
        <td class="duration">
            19.936s
        </td>
        <td class="result">
            <!-- Display the dependencies for skipped test methods -->


            <!-- Show logger output for the test -->

        </td>
    </tr>
    <tr>
        <td class="method">
                TC58_atDestinationSearchStepVerifyThatPaginationIsWorkingNormally
        </td>
        <td class="duration">
            19.477s
        </td>
        <td class="result">
            <!-- Display the dependencies for skipped test methods -->


            <!-- Show logger output for the test -->

        </td>
    </tr>
    <tr>
        <td class="method">
                TC59_atFinalConfirmationStepVerifyThatCanMakeDeliveredEmailCopy
        </td>
        <td class="duration">
            31.055s
        </td>
        <td class="result">
            <!-- Display the dependencies for skipped test methods -->


            <!-- Show logger output for the test -->

        </td>
    </tr>
    <tr>
        <td class="method">
                TC60_atFinalConfirmationStepVerifyThatChangeDeliveredEmailStatusPopupShouldBeClosedAfterClickingCancelButton
        </td>
        <td class="duration">
            24.690s
        </td>
        <td class="result">
            <!-- Display the dependencies for skipped test methods -->


            <!-- Show logger output for the test -->

        </td>
    </tr>
    <tr>
        <td class="method">
                TC61_atFinalConfirmationStepVerifyThatCanChangeDeliveredEmailStatusToDraft
        </td>
        <td class="duration">
            28.313s
        </td>
        <td class="result">
            <!-- Display the dependencies for skipped test methods -->


            <!-- Show logger output for the test -->

        </td>
    </tr>
    <tr>
        <td class="method">
                TC62_atFinalConfirmationStepVerifyThatDeleteThisDeliveredEmailPopupShouldBeClosedAfterClickCancelButton
        </td>
        <td class="duration">
            28.335s
        </td>
        <td class="result">
            <!-- Display the dependencies for skipped test methods -->


            <!-- Show logger output for the test -->

        </td>
    </tr>
    <tr>
        <td class="method">
                TC63_atFinalConfirmationStepVerifyThatDeliveredEmailShouldBeDeletedAfterClickingOKButton
        </td>
        <td class="duration">
            26.571s
        </td>
        <td class="result">
            <!-- Display the dependencies for skipped test methods -->


            <!-- Show logger output for the test -->

        </td>
    </tr>
    <tr>
        <td class="method">
                TC64_atFinalConfirmationStepVerifyThatCanBackToDestinationSelectionStepFromFinalConfirmationStep
        </td>
        <td class="duration">
            26.374s
        </td>
        <td class="result">
            <!-- Display the dependencies for skipped test methods -->


            <!-- Show logger output for the test -->

        </td>
    </tr>
    <tr>
        <td class="method">
                TC65_atFinalConfirmationStepVerifyThatCanBackToAttachmentStepFromFinalConfirmationStep
        </td>
        <td class="duration">
            25.014s
        </td>
        <td class="result">
            <!-- Display the dependencies for skipped test methods -->


            <!-- Show logger output for the test -->

        </td>
    </tr>
    <tr>
        <td class="method">
                TC66_atFinalConfirmationStepVerifyThatCanBackToBasicInformationStepFromFinalConfirmationStep
        </td>
        <td class="duration">
            25.597s
        </td>
        <td class="result">
            <!-- Display the dependencies for skipped test methods -->


            <!-- Show logger output for the test -->

        </td>
    </tr>
    </table>

<script type="text/javascript" src="reportng.js"></script>
</body>
