<?xml version="1.0" encoding="UTF-8"?>
<testsuite name="[HBS] Create Delivered Mail(Process + Validation)"
           tests="66"
           failures="2"
           errors="0"
           skipped="0"
           time="1640.223">
    <properties></properties>

            <testcase
                name="TC15_atAttachmentStepVerifyThatCanUploadOneFileWithMaximumCapacity"
                time="11.361"
                classname="test.mail.CreateDeliveredEmail">

            <failure type="java.lang.AssertionError" message="The following asserts failed:
	[Failed] Can not upload file with capacity: 2MB.
 Actual message: 2MBを超えるメールを配信することはできません。
 Expect message: contains ファイルがアップロードされました expected [true] but found [false]">
                <![CDATA[java.lang.AssertionError: The following asserts failed:
	[Failed] Can not upload file with capacity: 2MB.
 Actual message: 2MBを超えるメールを配信することはできません。
 Expect message: contains ファイルがアップロードされました expected [true] but found [false]
                org.testng.asserts.SoftAssert.assertAll(SoftAssert.java:46)org.testng.asserts.SoftAssert.assertAll(SoftAssert.java:30)page.mail.Step2Attachment.verifyThatCanUploadOneFileWithMaximumCapacity(Step2Attachment.java:161)test.mail.CreateDeliveredEmail.TC15_atAttachmentStepVerifyThatCanUploadOneFileWithMaximumCapacity(CreateDeliveredEmail.java:299)java.base/jdk.internal.reflect.NativeMethodAccessorImpl.invoke0(Native Method)java.base/jdk.internal.reflect.NativeMethodAccessorImpl.invoke(NativeMethodAccessorImpl.java:77)java.base/jdk.internal.reflect.DelegatingMethodAccessorImpl.invoke(DelegatingMethodAccessorImpl.java:43)java.base/java.lang.reflect.Method.invoke(Method.java:568)org.testng.internal.invokers.MethodInvocationHelper.invokeMethod(MethodInvocationHelper.java:135)org.testng.internal.invokers.TestInvoker.invokeMethod(TestInvoker.java:673)org.testng.internal.invokers.TestInvoker.invokeTestMethod(TestInvoker.java:220)org.testng.internal.invokers.MethodRunner.runInSequence(MethodRunner.java:50)org.testng.internal.invokers.TestInvoker$MethodInvocationAgent.invoke(TestInvoker.java:945)org.testng.internal.invokers.TestInvoker.invokeTestMethods(TestInvoker.java:193)org.testng.internal.invokers.TestMethodWorker.invokeTestMethods(TestMethodWorker.java:146)org.testng.internal.invokers.TestMethodWorker.run(TestMethodWorker.java:128)java.base/java.util.ArrayList.forEach(ArrayList.java:1511)org.testng.TestRunner.privateRun(TestRunner.java:808)org.testng.TestRunner.run(TestRunner.java:603)org.testng.SuiteRunner.runTest(SuiteRunner.java:429)org.testng.SuiteRunner.runSequentially(SuiteRunner.java:423)org.testng.SuiteRunner.privateRun(SuiteRunner.java:383)org.testng.SuiteRunner.run(SuiteRunner.java:326)org.testng.SuiteRunnerWorker.runSuite(SuiteRunnerWorker.java:52)org.testng.SuiteRunnerWorker.run(SuiteRunnerWorker.java:95)org.testng.TestNG.runSuitesSequentially(TestNG.java:1249)org.testng.TestNG.runSuitesSequentially(TestNG.java:1244)org.testng.TestNG.runSuitesLocally(TestNG.java:1169)org.testng.TestNG.runSuites(TestNG.java:1092)org.testng.TestNG.run(TestNG.java:1060)com.intellij.rt.testng.IDEARemoteTestNG.run(IDEARemoteTestNG.java:66)com.intellij.rt.testng.RemoteTestNGStarter.main(RemoteTestNGStarter.java:109)
]]>
            </failure>
    </testcase>
            <testcase
                name="TC16_atAttachmentStepVerifyThatCanUploadMultipleFileWithMaximumCapacity"
                time="23.028"
                classname="test.mail.CreateDeliveredEmail">

            <failure type="java.lang.AssertionError" message="The following asserts failed:
	[Failed] Can not upload multi file with capacity = 2MB.
 Actual message: 2MBを超えるメールを配信することはできません。
 Expect message: contains ファイルがアップロードされました expected [true] but found [false]">
                <![CDATA[java.lang.AssertionError: The following asserts failed:
	[Failed] Can not upload multi file with capacity = 2MB.
 Actual message: 2MBを超えるメールを配信することはできません。
 Expect message: contains ファイルがアップロードされました expected [true] but found [false]
                org.testng.asserts.SoftAssert.assertAll(SoftAssert.java:46)org.testng.asserts.SoftAssert.assertAll(SoftAssert.java:30)page.mail.Step2Attachment.verifyThatCanUploadMultipleFileWithMaximumCapacity(Step2Attachment.java:194)test.mail.CreateDeliveredEmail.TC16_atAttachmentStepVerifyThatCanUploadMultipleFileWithMaximumCapacity(CreateDeliveredEmail.java:317)java.base/jdk.internal.reflect.NativeMethodAccessorImpl.invoke0(Native Method)java.base/jdk.internal.reflect.NativeMethodAccessorImpl.invoke(NativeMethodAccessorImpl.java:77)java.base/jdk.internal.reflect.DelegatingMethodAccessorImpl.invoke(DelegatingMethodAccessorImpl.java:43)java.base/java.lang.reflect.Method.invoke(Method.java:568)org.testng.internal.invokers.MethodInvocationHelper.invokeMethod(MethodInvocationHelper.java:135)org.testng.internal.invokers.TestInvoker.invokeMethod(TestInvoker.java:673)org.testng.internal.invokers.TestInvoker.invokeTestMethod(TestInvoker.java:220)org.testng.internal.invokers.MethodRunner.runInSequence(MethodRunner.java:50)org.testng.internal.invokers.TestInvoker$MethodInvocationAgent.invoke(TestInvoker.java:945)org.testng.internal.invokers.TestInvoker.invokeTestMethods(TestInvoker.java:193)org.testng.internal.invokers.TestMethodWorker.invokeTestMethods(TestMethodWorker.java:146)org.testng.internal.invokers.TestMethodWorker.run(TestMethodWorker.java:128)java.base/java.util.ArrayList.forEach(ArrayList.java:1511)org.testng.TestRunner.privateRun(TestRunner.java:808)org.testng.TestRunner.run(TestRunner.java:603)org.testng.SuiteRunner.runTest(SuiteRunner.java:429)org.testng.SuiteRunner.runSequentially(SuiteRunner.java:423)org.testng.SuiteRunner.privateRun(SuiteRunner.java:383)org.testng.SuiteRunner.run(SuiteRunner.java:326)org.testng.SuiteRunnerWorker.runSuite(SuiteRunnerWorker.java:52)org.testng.SuiteRunnerWorker.run(SuiteRunnerWorker.java:95)org.testng.TestNG.runSuitesSequentially(TestNG.java:1249)org.testng.TestNG.runSuitesSequentially(TestNG.java:1244)org.testng.TestNG.runSuitesLocally(TestNG.java:1169)org.testng.TestNG.runSuites(TestNG.java:1092)org.testng.TestNG.run(TestNG.java:1060)com.intellij.rt.testng.IDEARemoteTestNG.run(IDEARemoteTestNG.java:66)com.intellij.rt.testng.RemoteTestNGStarter.main(RemoteTestNGStarter.java:109)
]]>
            </failure>
    </testcase>


            <testcase
                name="TC11_atBasicInformationStepVerifyThatChangeDeliveredEmailStatusPopupShouldBeClosedAfterClickingCancelButton"
                time="12.363"
                classname="test.mail.CreateDeliveredEmail">
            </testcase>
            <testcase
                name="TC50_atDestinationSearchStepVerifyThatCanCreateSearchConditionsTemplateNameWithValidTemplateName"
                time="17.797"
                classname="test.mail.CreateDeliveredEmail">
            </testcase>
            <testcase
                name="TC60_atFinalConfirmationStepVerifyThatChangeDeliveredEmailStatusPopupShouldBeClosedAfterClickingCancelButton"
                time="24.690"
                classname="test.mail.CreateDeliveredEmail">
            </testcase>
            <testcase
                name="TC04_atBasicInformationStepGiveSubjectExceed100FullWidthCharactersAndVerifyErrorMessage"
                time="5.838"
                classname="test.mail.CreateDeliveredEmail">
            </testcase>
            <testcase
                name="TC54_atDestinationSearchStepVerifyThatCanDeleteSearchConditionsTemplate"
                time="27.360"
                classname="test.mail.CreateDeliveredEmail">
            </testcase>
            <testcase
                name="TC10_atBasicInformationStepVerifyThatCanMakeDeliveredEmailCopy"
                time="17.597"
                classname="test.mail.CreateDeliveredEmail">
            </testcase>
            <testcase
                name="TC46_atDestinationSearchStepVerifyErrorMessageWhenLeaveSearchTemplateNameBlank"
                time="17.214"
                classname="test.mail.CreateDeliveredEmail">
            </testcase>
            <testcase
                name="TC59_atFinalConfirmationStepVerifyThatCanMakeDeliveredEmailCopy"
                time="31.055"
                classname="test.mail.CreateDeliveredEmail">
            </testcase>
            <testcase
                name="TC27_atDestinationSearchStepVerifyErrorMessageWhenOnlySelectDeliverTheMatterAndInfrastructure"
                time="16.763"
                classname="test.mail.CreateDeliveredEmail">
            </testcase>
            <testcase
                name="TC43_atDestinationSearchStepVerifyThatDeliveredEmailShouldBeDeletedAfterClickingOKButton"
                time="19.328"
                classname="test.mail.CreateDeliveredEmail">
            </testcase>
            <testcase
                name="TC39_atDestinationSearchStepVerifyThatCanMakeDeliveredEmailCopy"
                time="21.765"
                classname="test.mail.CreateDeliveredEmail">
            </testcase>
            <testcase
                name="TC42_atDestinationSearchStepVerifyThatDeleteThisDeliveredEmailPopupShouldBeClosedAfterClickCancelButton"
                time="19.606"
                classname="test.mail.CreateDeliveredEmail">
            </testcase>
            <testcase
                name="TC52_atDestinationSearchStepVerifyErrorMessageWhenInputAvailableSearchConditionsTemplateName"
                time="27.495"
                classname="test.mail.CreateDeliveredEmail">
            </testcase>
            <testcase
                name="TC33_atDestinationSearchStepVerifyErrorMessageWhenOnlySelectDeliverThePersonnelAndDevelopmentAndInfrastructureAndOthers"
                time="15.855"
                classname="test.mail.CreateDeliveredEmail">
            </testcase>
            <testcase
                name="TC22_atAttachmentStepVerifyThatCanChangeDeliveredEmailStatusToDraft"
                time="14.678"
                classname="test.mail.CreateDeliveredEmail">
            </testcase>
            <testcase
                name="TC56_atDestinationSearchStepVerifyThatCanResetSearchConditions"
                time="16.357"
                classname="test.mail.CreateDeliveredEmail">
            </testcase>
            <testcase
                name="TC08_atBasicInformationStepGiveInsertionExceed5000CharactersMixHalfFullWidthAndVerifyErrorMessage"
                time="116.281"
                classname="test.mail.CreateDeliveredEmail">
            </testcase>
            <testcase
                name="TC36_atDestinationSearchStepVerifyErrorMessageWhenDoNotSelectCompatibility"
                time="17.710"
                classname="test.mail.CreateDeliveredEmail">
            </testcase>
            <testcase
                name="TC37_atDestinationSearchStepVerifyErrorMessageWhenDoNotSelectTag"
                time="16.950"
                classname="test.mail.CreateDeliveredEmail">
            </testcase>
            <testcase
                name="TC01_verifyFullCreateDeliveredEmailProcess"
                time="39.412"
                classname="test.mail.CreateDeliveredEmail">
            </testcase>
            <testcase
                name="TC64_atFinalConfirmationStepVerifyThatCanBackToDestinationSelectionStepFromFinalConfirmationStep"
                time="26.374"
                classname="test.mail.CreateDeliveredEmail">
            </testcase>
            <testcase
                name="TC19_atAttachmentStepVerifyErrorMessageWhenTotalFileHaveBeenUploadedExceed10Files"
                time="55.792"
                classname="test.mail.CreateDeliveredEmail">
            </testcase>
            <testcase
                name="TC32_atDestinationSearchStepVerifyErrorMessageWhenOnlySelectDeliverThePersonnelAndOthers"
                time="16.621"
                classname="test.mail.CreateDeliveredEmail">
            </testcase>
            <testcase
                name="TC62_atFinalConfirmationStepVerifyThatDeleteThisDeliveredEmailPopupShouldBeClosedAfterClickCancelButton"
                time="28.335"
                classname="test.mail.CreateDeliveredEmail">
            </testcase>
            <testcase
                name="TC03_atBasicInformationStepGiveSubjectExceed100HalfWidthCharactersAndVerifyErrorMessage"
                time="5.876"
                classname="test.mail.CreateDeliveredEmail">
            </testcase>
            <testcase
                name="TC30_atDestinationSearchStepVerifyErrorMessageWhenOnlySelectDeliverThePersonnelAndDevelopment"
                time="17.169"
                classname="test.mail.CreateDeliveredEmail">
            </testcase>
            <testcase
                name="TC63_atFinalConfirmationStepVerifyThatDeliveredEmailShouldBeDeletedAfterClickingOKButton"
                time="26.571"
                classname="test.mail.CreateDeliveredEmail">
            </testcase>
            <testcase
                name="TC02_atBasicInformationStepGiveAllInformationBlankAndVerifyErrorMessage"
                time="5.351"
                classname="test.mail.CreateDeliveredEmail">
            </testcase>
            <testcase
                name="TC55_atDestinationSearchStepVerifyThatDeleteSearchConditionsTemplateShouldBeClosedAfterClickingOnCancelButton"
                time="20.087"
                classname="test.mail.CreateDeliveredEmail">
            </testcase>
            <testcase
                name="TC66_atFinalConfirmationStepVerifyThatCanBackToBasicInformationStepFromFinalConfirmationStep"
                time="25.597"
                classname="test.mail.CreateDeliveredEmail">
            </testcase>
            <testcase
                name="TC24_atAttachmentStepVerifyThatDeliveredEmailShouldBeDeletedAfterClickingOKButton"
                time="13.409"
                classname="test.mail.CreateDeliveredEmail">
            </testcase>
            <testcase
                name="TC12_atBasicInformationStepVerifyThatCanChangeDeliveredEmailStatusToDraft"
                time="16.240"
                classname="test.mail.CreateDeliveredEmail">
            </testcase>
            <testcase
                name="TC29_atDestinationSearchStepVerifyErrorMessageWhenOnlySelectDeliverThePersonnel"
                time="16.737"
                classname="test.mail.CreateDeliveredEmail">
            </testcase>
            <testcase
                name="TC61_atFinalConfirmationStepVerifyThatCanChangeDeliveredEmailStatusToDraft"
                time="28.313"
                classname="test.mail.CreateDeliveredEmail">
            </testcase>
            <testcase
                name="TC26_atDestinationSearchStepVerifyErrorMessageWhenOnlySelectDeliverTheMatterAndDevelopment"
                time="16.466"
                classname="test.mail.CreateDeliveredEmail">
            </testcase>
            <testcase
                name="TC40_atDestinationSearchStepVerifyThatChangeDeliveredEmailStatusPopupShouldBeClosedAfterClickingCancelButton"
                time="17.400"
                classname="test.mail.CreateDeliveredEmail">
            </testcase>
            <testcase
                name="TC65_atFinalConfirmationStepVerifyThatCanBackToAttachmentStepFromFinalConfirmationStep"
                time="25.014"
                classname="test.mail.CreateDeliveredEmail">
            </testcase>
            <testcase
                name="TC06_atBasicInformationStepGiveInsertionExceed10000HalfWidthCharactersAndVerifyErrorMessage"
                time="218.767"
                classname="test.mail.CreateDeliveredEmail">
            </testcase>
            <testcase
                name="TC13_atBasicInformationStepVerifyThatDeliveredEmailPopupShouldBeClosedAfterClickCancelButton"
                time="16.220"
                classname="test.mail.CreateDeliveredEmail">
            </testcase>
            <testcase
                name="TC25_atDestinationSearchStepVerifyErrorMessageWhenOnlySelectDeliverTheMatter"
                time="17.755"
                classname="test.mail.CreateDeliveredEmail">
            </testcase>
            <testcase
                name="TC07_atBasicInformationStepGiveInsertionExceed5000FullWidthCharactersAndVerifyErrorMessage"
                time="115.024"
                classname="test.mail.CreateDeliveredEmail">
            </testcase>
            <testcase
                name="TC48_atDestinationSearchStepVerifyErrorMessageWhenSearchConditionsTemplateNameExceed50FullWidthCharacters"
                time="19.482"
                classname="test.mail.CreateDeliveredEmail">
            </testcase>
            <testcase
                name="TC51_atDestinationSearchStepVerifyThatCreateSearchConditionsTemplatePopupShouldBeCloseAfterClickingOnCancelButton"
                time="21.393"
                classname="test.mail.CreateDeliveredEmail">
            </testcase>
            <testcase
                name="TC35_atDestinationSearchStepVerifyErrorMessageWhenDoNotSelectInHousePersonInCharge"
                time="15.320"
                classname="test.mail.CreateDeliveredEmail">
            </testcase>
            <testcase
                name="TC23_atAttachmentStepVerifyThatDeleteThisDeliveredEmailPopupShouldBeClosedAfterClickCancelButton"
                time="15.002"
                classname="test.mail.CreateDeliveredEmail">
            </testcase>
            <testcase
                name="TC58_atDestinationSearchStepVerifyThatPaginationIsWorkingNormally"
                time="19.477"
                classname="test.mail.CreateDeliveredEmail">
            </testcase>
            <testcase
                name="TC20_atAttachmentStepVerifyThatCanMakeDeliveredEmailCopy"
                time="16.176"
                classname="test.mail.CreateDeliveredEmail">
            </testcase>
            <testcase
                name="TC34_atDestinationSearchStepVerifyErrorMessageWhenDoNotSelectAccountStatus"
                time="16.798"
                classname="test.mail.CreateDeliveredEmail">
            </testcase>
            <testcase
                name="TC53_atDestinationSearchStepVerifyCanSetAndCancelSearchConditionsTemplateAsDefault"
                time="27.400"
                classname="test.mail.CreateDeliveredEmail">
            </testcase>
            <testcase
                name="TC47_atDestinationSearchStepVerifyErrorMessageWhenSearchConditionsTemplateNameExceed50HalfWidthCharacters"
                time="19.450"
                classname="test.mail.CreateDeliveredEmail">
            </testcase>
            <testcase
                name="TC31_atDestinationSearchStepVerifyErrorMessageWhenOnlySelectDeliverThePersonnelAndInfrastructure"
                time="16.591"
                classname="test.mail.CreateDeliveredEmail">
            </testcase>
            <testcase
                name="TC21_atAttachmentStepVerifyThatChangeDeliveredEmailStatusPopupShouldBeClosedAfterClickingCancelButton"
                time="11.353"
                classname="test.mail.CreateDeliveredEmail">
            </testcase>
            <testcase
                name="TC09_atBasicInformationStepVerifyDeleteButtonShouldBeEnable"
                time="0.025"
                classname="test.mail.CreateDeliveredEmail">
            </testcase>
            <testcase
                name="TC38_atDestinationSearchStepVerifyErrorMessageWhenSelectExceed5Tags"
                time="16.330"
                classname="test.mail.CreateDeliveredEmail">
            </testcase>
            <testcase
                name="TC41_atDestinationSearchStepVerifyThatCanChangeDeliveredEmailStatusToDraft"
                time="18.955"
                classname="test.mail.CreateDeliveredEmail">
            </testcase>
            <testcase
                name="TC57_atDestinationSearchStepVerifyThatCanNextToDestinationSelectionStepFromAttachmentStep"
                time="19.936"
                classname="test.mail.CreateDeliveredEmail">
            </testcase>
            <testcase
                name="TC49_atDestinationSearchStepVerifyErrorMessageSearchConditionsTemplateNameExceed50CharactersMixHalfAndFullWidth"
                time="17.850"
                classname="test.mail.CreateDeliveredEmail">
            </testcase>
            <testcase
                name="TC45_atDestinationSearchStepVerifyThatCanBackToAttachmentStepFromDestinationSearchStep"
                time="16.324"
                classname="test.mail.CreateDeliveredEmail">
            </testcase>
            <testcase
                name="TC05_atBasicInformationStepGiveSubjectExceed100CharactersMixHalfFullWidthAndVerifyErrorMessage"
                time="5.902"
                classname="test.mail.CreateDeliveredEmail">
            </testcase>
            <testcase
                name="TC28_atDestinationSearchStepVerifyErrorMessageWhenOnlySelectDeliverTheMatterAndOthers"
                time="17.921"
                classname="test.mail.CreateDeliveredEmail">
            </testcase>
            <testcase
                name="TC18_atAttachmentStepVerifyErrorMessageWhenUploadMultipleFileWithTotalCapacityExceedAllowedCapacity"
                time="23.666"
                classname="test.mail.CreateDeliveredEmail">
            </testcase>
            <testcase
                name="TC14_atBasicInformationStepVerifyThatDeliveredEmailShouldBeDeletedAfterClickingOKButton"
                time="16.234"
                classname="test.mail.CreateDeliveredEmail">
            </testcase>
            <testcase
                name="TC17_atAttachmentStepVerifyErrorMessageWhenUploadOneFileWithTotalCapacityExceedAllowedCapacity"
                time="12.480"
                classname="test.mail.CreateDeliveredEmail">
            </testcase>
            <testcase
                name="TC44_atDestinationSearchStepVerifyThatCanBackToBasicInformationStepFromDestinationSearchStep"
                time="16.537"
                classname="test.mail.CreateDeliveredEmail">
            </testcase>
</testsuite>
