<?xml version="1.0" encoding="UTF-8"?>
<testsuite name="[HBS] Edit Delivered Mail(Process + Validation)"
           tests="69"
           failures="2"
           errors="0"
           skipped="0"
           time="1793.421">
    <properties></properties>

            <testcase
                name="TC16_atAttachmentStepVerifyThatCanUploadMultipleFileWithMaximumCapacity"
                time="20.814"
                classname="test.mail.EditDeliveredEmail">

            <failure type="java.lang.AssertionError" message="The following asserts failed:
	[Failed] Can not upload multi file with capacity = 2MB.
 Actual message: 2MBを超えるメールを配信することはできません。
 Expect message: contains ファイルがアップロードされました expected [true] but found [false]">
                <![CDATA[java.lang.AssertionError: The following asserts failed:
	[Failed] Can not upload multi file with capacity = 2MB.
 Actual message: 2MBを超えるメールを配信することはできません。
 Expect message: contains ファイルがアップロードされました expected [true] but found [false]
                org.testng.asserts.SoftAssert.assertAll(SoftAssert.java:46)org.testng.asserts.SoftAssert.assertAll(SoftAssert.java:30)page.mail.Step2Attachment.verifyThatCanUploadMultipleFileWithMaximumCapacity(Step2Attachment.java:194)test.mail.EditDeliveredEmail.TC16_atAttachmentStepVerifyThatCanUploadMultipleFileWithMaximumCapacity(EditDeliveredEmail.java:246)java.base/jdk.internal.reflect.NativeMethodAccessorImpl.invoke0(Native Method)java.base/jdk.internal.reflect.NativeMethodAccessorImpl.invoke(NativeMethodAccessorImpl.java:77)java.base/jdk.internal.reflect.DelegatingMethodAccessorImpl.invoke(DelegatingMethodAccessorImpl.java:43)java.base/java.lang.reflect.Method.invoke(Method.java:568)org.testng.internal.invokers.MethodInvocationHelper.invokeMethod(MethodInvocationHelper.java:135)org.testng.internal.invokers.TestInvoker.invokeMethod(TestInvoker.java:673)org.testng.internal.invokers.TestInvoker.invokeTestMethod(TestInvoker.java:220)org.testng.internal.invokers.MethodRunner.runInSequence(MethodRunner.java:50)org.testng.internal.invokers.TestInvoker$MethodInvocationAgent.invoke(TestInvoker.java:945)org.testng.internal.invokers.TestInvoker.invokeTestMethods(TestInvoker.java:193)org.testng.internal.invokers.TestMethodWorker.invokeTestMethods(TestMethodWorker.java:146)org.testng.internal.invokers.TestMethodWorker.run(TestMethodWorker.java:128)java.base/java.util.ArrayList.forEach(ArrayList.java:1511)org.testng.TestRunner.privateRun(TestRunner.java:808)org.testng.TestRunner.run(TestRunner.java:603)org.testng.SuiteRunner.runTest(SuiteRunner.java:429)org.testng.SuiteRunner.runSequentially(SuiteRunner.java:423)org.testng.SuiteRunner.privateRun(SuiteRunner.java:383)org.testng.SuiteRunner.run(SuiteRunner.java:326)org.testng.SuiteRunnerWorker.runSuite(SuiteRunnerWorker.java:52)org.testng.SuiteRunnerWorker.run(SuiteRunnerWorker.java:95)org.testng.TestNG.runSuitesSequentially(TestNG.java:1249)org.testng.TestNG.runSuitesSequentially(TestNG.java:1244)org.testng.TestNG.runSuitesLocally(TestNG.java:1169)org.testng.TestNG.runSuites(TestNG.java:1092)org.testng.TestNG.run(TestNG.java:1060)com.intellij.rt.testng.IDEARemoteTestNG.run(IDEARemoteTestNG.java:66)com.intellij.rt.testng.RemoteTestNGStarter.main(RemoteTestNGStarter.java:109)
]]>
            </failure>
    </testcase>
            <testcase
                name="TC15_atAttachmentStepVerifyThatCanUploadOneFileWithMaximumCapacity"
                time="13.423"
                classname="test.mail.EditDeliveredEmail">

            <failure type="java.lang.AssertionError" message="The following asserts failed:
	[Failed] Can not upload file with capacity: 2MB.
 Actual message: 2MBを超えるメールを配信することはできません。
 Expect message: contains ファイルがアップロードされました expected [true] but found [false]">
                <![CDATA[java.lang.AssertionError: The following asserts failed:
	[Failed] Can not upload file with capacity: 2MB.
 Actual message: 2MBを超えるメールを配信することはできません。
 Expect message: contains ファイルがアップロードされました expected [true] but found [false]
                org.testng.asserts.SoftAssert.assertAll(SoftAssert.java:46)org.testng.asserts.SoftAssert.assertAll(SoftAssert.java:30)page.mail.Step2Attachment.verifyThatCanUploadOneFileWithMaximumCapacity(Step2Attachment.java:161)test.mail.EditDeliveredEmail.TC15_atAttachmentStepVerifyThatCanUploadOneFileWithMaximumCapacity(EditDeliveredEmail.java:234)java.base/jdk.internal.reflect.NativeMethodAccessorImpl.invoke0(Native Method)java.base/jdk.internal.reflect.NativeMethodAccessorImpl.invoke(NativeMethodAccessorImpl.java:77)java.base/jdk.internal.reflect.DelegatingMethodAccessorImpl.invoke(DelegatingMethodAccessorImpl.java:43)java.base/java.lang.reflect.Method.invoke(Method.java:568)org.testng.internal.invokers.MethodInvocationHelper.invokeMethod(MethodInvocationHelper.java:135)org.testng.internal.invokers.TestInvoker.invokeMethod(TestInvoker.java:673)org.testng.internal.invokers.TestInvoker.invokeTestMethod(TestInvoker.java:220)org.testng.internal.invokers.MethodRunner.runInSequence(MethodRunner.java:50)org.testng.internal.invokers.TestInvoker$MethodInvocationAgent.invoke(TestInvoker.java:945)org.testng.internal.invokers.TestInvoker.invokeTestMethods(TestInvoker.java:193)org.testng.internal.invokers.TestMethodWorker.invokeTestMethods(TestMethodWorker.java:146)org.testng.internal.invokers.TestMethodWorker.run(TestMethodWorker.java:128)java.base/java.util.ArrayList.forEach(ArrayList.java:1511)org.testng.TestRunner.privateRun(TestRunner.java:808)org.testng.TestRunner.run(TestRunner.java:603)org.testng.SuiteRunner.runTest(SuiteRunner.java:429)org.testng.SuiteRunner.runSequentially(SuiteRunner.java:423)org.testng.SuiteRunner.privateRun(SuiteRunner.java:383)org.testng.SuiteRunner.run(SuiteRunner.java:326)org.testng.SuiteRunnerWorker.runSuite(SuiteRunnerWorker.java:52)org.testng.SuiteRunnerWorker.run(SuiteRunnerWorker.java:95)org.testng.TestNG.runSuitesSequentially(TestNG.java:1249)org.testng.TestNG.runSuitesSequentially(TestNG.java:1244)org.testng.TestNG.runSuitesLocally(TestNG.java:1169)org.testng.TestNG.runSuites(TestNG.java:1092)org.testng.TestNG.run(TestNG.java:1060)com.intellij.rt.testng.IDEARemoteTestNG.run(IDEARemoteTestNG.java:66)com.intellij.rt.testng.RemoteTestNGStarter.main(RemoteTestNGStarter.java:109)
]]>
            </failure>
    </testcase>


            <testcase
                name="TC51_atDestinationSearchStepVerifyErrorMessageSearchConditionsTemplateNameExceed50CharactersMixHalfAndFullWidth"
                time="15.245"
                classname="test.mail.EditDeliveredEmail">
            </testcase>
            <testcase
                name="TC09_atBasicInformationStepVerifyThatCanUpdateDeliveredEmailWithValidData"
                time="7.404"
                classname="test.mail.EditDeliveredEmail">
            </testcase>
            <testcase
                name="TC03_atBasicInformationStepGiveSubjectExceed100HalfWidthCharactersAndVerifyErrorMessage"
                time="6.789"
                classname="test.mail.EditDeliveredEmail">
            </testcase>
            <testcase
                name="TC69_atFinalConfirmationStepVerifyThatCanBackToBasicInformationStepFromFinalConfirmationStep"
                time="24.913"
                classname="test.mail.EditDeliveredEmail">
            </testcase>
            <testcase
                name="TC37_atDestinationSearchStepVerifyErrorMessageWhenDoNotSelectCompatibility"
                time="14.722"
                classname="test.mail.EditDeliveredEmail">
            </testcase>
            <testcase
                name="TC34_atDestinationSearchStepVerifyErrorMessageWhenOnlySelectDeliverThePersonnelAndDevelopmentAndInfrastructureAndOthers"
                time="15.534"
                classname="test.mail.EditDeliveredEmail">
            </testcase>
            <testcase
                name="TC07_atBasicInformationStepGiveInsertionExceed5000FullWidthCharactersAndVerifyErrorMessage"
                time="162.539"
                classname="test.mail.EditDeliveredEmail">
            </testcase>
            <testcase
                name="TC10_atBasicInformationStepVerifyThatCanMakeDeliveredEmailCopy"
                time="8.527"
                classname="test.mail.EditDeliveredEmail">
            </testcase>
            <testcase
                name="TC48_atDestinationSearchStepVerifyErrorMessageWhenLeaveSearchTemplateNameBlank"
                time="19.732"
                classname="test.mail.EditDeliveredEmail">
            </testcase>
            <testcase
                name="TC19_atAttachmentStepVerifyErrorMessageWhenTotalFileHaveBeenUploadedExceed10Files"
                time="56.003"
                classname="test.mail.EditDeliveredEmail">
            </testcase>
            <testcase
                name="TC67_atFinalConfirmationStepVerifyThatCanBackToDestinationSelectionStepFromFinalConfirmationStep"
                time="26.337"
                classname="test.mail.EditDeliveredEmail">
            </testcase>
            <testcase
                name="TC18_atAttachmentStepVerifyErrorMessageWhenUploadMultipleFileWithTotalCapacityExceedAllowedCapacity"
                time="21.334"
                classname="test.mail.EditDeliveredEmail">
            </testcase>
            <testcase
                name="TC39_atDestinationSearchStepVerifyErrorMessageWhenSelectExceed5Tags"
                time="15.346"
                classname="test.mail.EditDeliveredEmail">
            </testcase>
            <testcase
                name="TC12_atBasicInformationStepVerifyThatCanChangeDeliveredEmailStatusToDraft"
                time="11.030"
                classname="test.mail.EditDeliveredEmail">
            </testcase>
            <testcase
                name="TC24_atAttachmentStepVerifyThatDeleteThisDeliveredEmailPopupShouldBeClosedAfterClickCancelButton"
                time="13.168"
                classname="test.mail.EditDeliveredEmail">
            </testcase>
            <testcase
                name="TC01_verifyFullEditDeliveredEmailProcess"
                time="41.438"
                classname="test.mail.EditDeliveredEmail">
            </testcase>
            <testcase
                name="TC04_atBasicInformationStepGiveSubjectExceed100FullWidthCharactersAndVerifyErrorMessage"
                time="6.784"
                classname="test.mail.EditDeliveredEmail">
            </testcase>
            <testcase
                name="TC42_atDestinationSearchStepVerifyThatChangeDeliveredEmailStatusPopupShouldBeClosedAfterClickingCancelButton"
                time="19.227"
                classname="test.mail.EditDeliveredEmail">
            </testcase>
            <testcase
                name="TC47_atDestinationSearchStepVerifyThatCanBackToAttachmentStepFromDestinationSearchStep"
                time="14.115"
                classname="test.mail.EditDeliveredEmail">
            </testcase>
            <testcase
                name="TC06_atBasicInformationStepGiveInsertionExceed10000HalfWidthCharactersAndVerifyErrorMessage"
                time="282.993"
                classname="test.mail.EditDeliveredEmail">
            </testcase>
            <testcase
                name="TC29_atDestinationSearchStepVerifyErrorMessageWhenOnlySelectDeliverTheMatterAndOthers"
                time="14.821"
                classname="test.mail.EditDeliveredEmail">
            </testcase>
            <testcase
                name="TC33_atDestinationSearchStepVerifyErrorMessageWhenOnlySelectDeliverThePersonnelAndOthers"
                time="14.887"
                classname="test.mail.EditDeliveredEmail">
            </testcase>
            <testcase
                name="TC46_atDestinationSearchStepVerifyThatCanBackToBasicInformationStepFromDestinationSearchStep"
                time="13.711"
                classname="test.mail.EditDeliveredEmail">
            </testcase>
            <testcase
                name="TC58_atDestinationSearchStepVerifyThatCanResetSearchConditions"
                time="13.905"
                classname="test.mail.EditDeliveredEmail">
            </testcase>
            <testcase
                name="TC45_atDestinationSearchStepVerifyThatDeliveredEmailShouldBeDeletedAfterClickingOKButton"
                time="20.041"
                classname="test.mail.EditDeliveredEmail">
            </testcase>
            <testcase
                name="TC54_atDestinationSearchStepVerifyErrorMessageWhenInputAvailableSearchConditionsTemplateName"
                time="24.414"
                classname="test.mail.EditDeliveredEmail">
            </testcase>
            <testcase
                name="TC13_atBasicInformationStepVerifyThatDeliveredEmailPopupShouldBeClosedAfterClickCancelButton"
                time="6.505"
                classname="test.mail.EditDeliveredEmail">
            </testcase>
            <testcase
                name="TC17_atAttachmentStepVerifyErrorMessageWhenUploadOneFileWithTotalCapacityExceedAllowedCapacity"
                time="16.804"
                classname="test.mail.EditDeliveredEmail">
            </testcase>
            <testcase
                name="TC57_atDestinationSearchStepVerifyThatDeleteSearchConditionsTemplateShouldBeClosedAfterClickingOnCancelButton"
                time="16.804"
                classname="test.mail.EditDeliveredEmail">
            </testcase>
            <testcase
                name="TC62_atFinalConfirmationStepVerifyThatCanMakeDeliveredEmailCopy"
                time="32.354"
                classname="test.mail.EditDeliveredEmail">
            </testcase>
            <testcase
                name="TC27_atDestinationSearchStepVerifyErrorMessageWhenOnlySelectDeliverTheMatterAndDevelopment"
                time="14.903"
                classname="test.mail.EditDeliveredEmail">
            </testcase>
            <testcase
                name="TC25_atAttachmentStepVerifyThatDeliveredEmailShouldBeDeletedAfterClickingOKButton"
                time="14.638"
                classname="test.mail.EditDeliveredEmail">
            </testcase>
            <testcase
                name="TC30_atDestinationSearchStepVerifyErrorMessageWhenOnlySelectDeliverThePersonnel"
                time="14.770"
                classname="test.mail.EditDeliveredEmail">
            </testcase>
            <testcase
                name="TC32_atDestinationSearchStepVerifyErrorMessageWhenOnlySelectDeliverThePersonnelAndInfrastructure"
                time="15.464"
                classname="test.mail.EditDeliveredEmail">
            </testcase>
            <testcase
                name="TC66_atFinalConfirmationStepVerifyThatDeliveredEmailShouldBeDeletedAfterClickingOKButton"
                time="31.734"
                classname="test.mail.EditDeliveredEmail">
            </testcase>
            <testcase
                name="TC60_atDestinationSearchStepVerifyThatPaginationIsWorkingNormally"
                time="17.752"
                classname="test.mail.EditDeliveredEmail">
            </testcase>
            <testcase
                name="TC38_atDestinationSearchStepVerifyErrorMessageWhenDoNotSelectTag"
                time="14.720"
                classname="test.mail.EditDeliveredEmail">
            </testcase>
            <testcase
                name="TC20_atAttachmentStepVerifyThatCanUpdateDeliveredEmailWithValidData"
                time="12.075"
                classname="test.mail.EditDeliveredEmail">
            </testcase>
            <testcase
                name="TC35_atDestinationSearchStepVerifyErrorMessageWhenDoNotSelectAccountStatus"
                time="14.679"
                classname="test.mail.EditDeliveredEmail">
            </testcase>
            <testcase
                name="TC40_atDestinationSearchStepVerifyThatCanUpdateDeliveredEmailWithValidData"
                time="17.808"
                classname="test.mail.EditDeliveredEmail">
            </testcase>
            <testcase
                name="TC52_atDestinationSearchStepVerifyThatCanCreateSearchConditionsTemplateNameWithValidTemplateName"
                time="15.472"
                classname="test.mail.EditDeliveredEmail">
            </testcase>
            <testcase
                name="TC55_atDestinationSearchStepVerifyCanSetAndCancelSearchConditionsTemplateAsDefault"
                time="25.794"
                classname="test.mail.EditDeliveredEmail">
            </testcase>
            <testcase
                name="TC26_atDestinationSearchStepVerifyErrorMessageWhenOnlySelectDeliverTheMatter"
                time="14.743"
                classname="test.mail.EditDeliveredEmail">
            </testcase>
            <testcase
                name="TC31_atDestinationSearchStepVerifyErrorMessageWhenOnlySelectDeliverThePersonnelAndDevelopment"
                time="15.060"
                classname="test.mail.EditDeliveredEmail">
            </testcase>
            <testcase
                name="TC22_atAttachmentStepVerifyThatChangeDeliveredEmailStatusPopupShouldBeClosedAfterClickingCancelButton"
                time="14.036"
                classname="test.mail.EditDeliveredEmail">
            </testcase>
            <testcase
                name="TC36_atDestinationSearchStepVerifyErrorMessageWhenDoNotSelectInHousePersonInCharge"
                time="14.720"
                classname="test.mail.EditDeliveredEmail">
            </testcase>
            <testcase
                name="TC53_atDestinationSearchStepVerifyThatCreateSearchConditionsTemplatePopupShouldBeCloseAfterClickingOnCancelButton"
                time="19.471"
                classname="test.mail.EditDeliveredEmail">
            </testcase>
            <testcase
                name="TC65_atFinalConfirmationStepVerifyThatDeleteThisDeliveredEmailPopupShouldBeClosedAfterClickCancelButton"
                time="27.900"
                classname="test.mail.EditDeliveredEmail">
            </testcase>
            <testcase
                name="TC56_atDestinationSearchStepVerifyThatCanDeleteSearchConditionsTemplate"
                time="24.097"
                classname="test.mail.EditDeliveredEmail">
            </testcase>
            <testcase
                name="TC08_atBasicInformationStepGiveInsertionExceed5000CharactersMixHalfFullWidthAndVerifyErrorMessage"
                time="161.651"
                classname="test.mail.EditDeliveredEmail">
            </testcase>
            <testcase
                name="TC02_atBasicInformationStepGiveAllInformationBlankAndVerifyErrorMessage"
                time="5.410"
                classname="test.mail.EditDeliveredEmail">
            </testcase>
            <testcase
                name="TC44_atDestinationSearchStepVerifyThatDeleteThisDeliveredEmailPopupShouldBeClosedAfterClickCancelButton"
                time="17.204"
                classname="test.mail.EditDeliveredEmail">
            </testcase>
            <testcase
                name="TC50_atDestinationSearchStepVerifyErrorMessageWhenSearchConditionsTemplateNameExceed50FullWidthCharacters"
                time="16.681"
                classname="test.mail.EditDeliveredEmail">
            </testcase>
            <testcase
                name="TC43_atDestinationSearchStepVerifyThatCanChangeDeliveredEmailStatusToDraft"
                time="19.728"
                classname="test.mail.EditDeliveredEmail">
            </testcase>
            <testcase
                name="TC49_atDestinationSearchStepVerifyErrorMessageWhenSearchConditionsTemplateNameExceed50HalfWidthCharacters"
                time="16.700"
                classname="test.mail.EditDeliveredEmail">
            </testcase>
            <testcase
                name="TC63_atFinalConfirmationStepVerifyThatChangeDeliveredEmailStatusPopupShouldBeClosedAfterClickingCancelButton"
                time="28.595"
                classname="test.mail.EditDeliveredEmail">
            </testcase>
            <testcase
                name="TC21_atAttachmentStepVerifyThatCanMakeDeliveredEmailCopy"
                time="16.782"
                classname="test.mail.EditDeliveredEmail">
            </testcase>
            <testcase
                name="TC41_atDestinationSearchStepVerifyThatCanMakeDeliveredEmailCopy"
                time="22.323"
                classname="test.mail.EditDeliveredEmail">
            </testcase>
            <testcase
                name="TC05_atBasicInformationStepGiveSubjectExceed100CharactersMixHalfFullWidthAndVerifyErrorMessage"
                time="6.784"
                classname="test.mail.EditDeliveredEmail">
            </testcase>
            <testcase
                name="TC59_atDestinationSearchStepVerifyThatCanNextToDestinationSelectionStepFromAttachmentStep"
                time="18.568"
                classname="test.mail.EditDeliveredEmail">
            </testcase>
            <testcase
                name="TC61_atFinalConfirmationStepVerifyThatCanUpdateDeliveredEmailWithValidData"
                time="28.236"
                classname="test.mail.EditDeliveredEmail">
            </testcase>
            <testcase
                name="TC28_atDestinationSearchStepVerifyErrorMessageWhenOnlySelectDeliverTheMatterAndInfrastructure"
                time="14.914"
                classname="test.mail.EditDeliveredEmail">
            </testcase>
            <testcase
                name="TC64_atFinalConfirmationStepVerifyThatCanChangeDeliveredEmailStatusToDraft"
                time="31.109"
                classname="test.mail.EditDeliveredEmail">
            </testcase>
            <testcase
                name="TC68_atFinalConfirmationStepVerifyThatCanBackToAttachmentStepFromFinalConfirmationStep"
                time="24.755"
                classname="test.mail.EditDeliveredEmail">
            </testcase>
            <testcase
                name="TC11_atBasicInformationStepVerifyThatChangeDeliveredEmailStatusPopupShouldBeClosedAfterClickingCancelButton"
                time="8.729"
                classname="test.mail.EditDeliveredEmail">
            </testcase>
            <testcase
                name="TC14_atBasicInformationStepVerifyThatDeliveredEmailShouldBeDeletedAfterClickingOKButton"
                time="9.170"
                classname="test.mail.EditDeliveredEmail">
            </testcase>
            <testcase
                name="TC23_atAttachmentStepVerifyThatCanChangeDeliveredEmailStatusToDraft"
                time="14.583"
                classname="test.mail.EditDeliveredEmail">
            </testcase>
</testsuite>
